# 1-d slice in y-direction, file: flame_wave_1000Hz_25cm_plt00000
# time =                    0
#                       y                  density                     Temp                   X(He4)                  X(Ni56)
                        8                 34793904                200475504    1.000000013351432e-10                        1
                       24                 34361648                200797184    1.000000013351432e-10                        1
                       40                 33931696                200287808    1.000000013351432e-10                        1
                       56                 33506172                200624784    1.000000013351432e-10                        1
                       72                 33083746                200762576    1.000000013351432e-10                        1
                       88                 32663600                200062400    1.000000013351432e-10                        1
                      104                 32248482                200734512    1.000000013351432e-10                        1
                      120                 31835778                200684656    1.000000013351432e-10                        1
                      136                 31425820                200187744    1.000000013351432e-10                        1
                      152                 31020504                200803248    1.000000013351432e-10                        1
                      168                 30617424                200563552    1.000000013351432e-10                        1
                      184                 30217694                200402512    1.000000013351432e-10                        1
                      200                 29821922                200831216    1.000000013351432e-10                        1
                      216                 29428362                200398336    1.000000013351432e-10                        1
                      232                 29038742                200578128    1.000000013351432e-10                        1
                      248                 28652404                200816224    1.000000013351432e-10                        1
                      264                 28268258                200187008    1.000000013351432e-10                        1
                      280                 27888628                200712752    1.000000013351432e-10                        1
                      296                 27511626                200757552    1.000000013351432e-10                        1
                      312                 27136950                200069408    1.000000013351432e-10                        1
                      328                 26767038                200805760    1.000000013351432e-10                        1
                      344                 26399266                200654928    1.000000013351432e-10                        1
                      360                 26034406                200313440    1.000000013351432e-10                        1
                      376                 25673642                200856544    1.000000013351432e-10                        1
                      392                 25314996                200505744    1.000000013351432e-10                        1
                      408                 24959832                200516704    1.000000013351432e-10                        1
                      424                 24608114                200862992    1.000000013351432e-10                        1
                      440                 24258492                200309680    1.000000013351432e-10                        1
                      456                 23912908                200678128    1.000000013351432e-10                        1
                      472                 23570132                200825552    1.000000013351432e-10                        1
                      488                 23229434                200065408    1.000000013351432e-10                        1
                      504                 22893308                200797360    1.000000013351432e-10                        1
                      520                 22559372                200741360    1.000000013351432e-10                        1
                      536                 22227934                200205888    1.000000013351432e-10                        1
                      552                 21900708                200872080    1.000000013351432e-10                        1
                      568                 21575510                200610144    1.000000013351432e-10                        1
                      584                 21253356                200439072    1.000000013351432e-10                        1
                      600                 20934788                200902800    1.000000013351432e-10                        1
                      616                 20618224                200430720    1.000000013351432e-10                        1
                      632                 20305236                200629744    1.000000013351432e-10                        1
                      648                 19995220                200886752    1.000000013351432e-10                        1
                      664                 19687186                200200976    1.000000013351432e-10                        1
                      680                 19383248                200776016    1.000000013351432e-10                        1
                      696                 19081682                200823280    1.000000013351432e-10                        1
                      712                 18782226                200077952    1.000000013351432e-10                        1
                      728                 18487072                200878144    1.000000013351432e-10                        1
                      744                 18193854                200711408    1.000000013351432e-10                        1
                      760                 17903270                200343472    1.000000013351432e-10                        1
                      776                 17616382                200933296    1.000000013351432e-10                        1
                      792                 17331410                200549104    1.000000013351432e-10                        1
                      808                 17049582                200564976    1.000000013351432e-10                        1
                      824                 16770861                200941120    1.000000013351432e-10                        1
                      840                 16494031                200335744    1.000000013351432e-10                        1
                      856                 16220843                200741776    1.000000013351432e-10                        1
                      872                 15950183                200899872    1.000000013351432e-10                        1
                      888                 15681393                200068928    1.000000013351432e-10                        1
                      904                 15416727                200871424    1.000000013351432e-10                        1
                      920                 15154028                200808528    1.000000013351432e-10                        1
                      936                 14893581                200227456    1.000000013351432e-10                        1
                      952                 14636918                200954400    1.000000013351432e-10                        1
                      968                 14382077                200665440    1.000000013351432e-10                        1
                      984                 14129977                200482624    1.000000013351432e-10                        1
                     1000                 13881092                200987328    1.000000013351432e-10                        1
                     1016                 13634008                200469008    1.000000013351432e-10                        1
                     1032                 13390139                200691280    1.000000013351432e-10                        1
                     1048                 13148932                200970720    1.000000013351432e-10                        1
                     1064                 12909502                200217760    1.000000013351432e-10                        1
                     1080                 12673749                200852128    1.000000013351432e-10                        1
                     1096                 12440116                200901328    1.000000013351432e-10                        1
                     1112                 12208377                200088144    1.000000013351432e-10                        1
                     1128                 11980487                200963904    1.000000013351432e-10                        1
                     1144                 11754328                200779120    1.000000013351432e-10                        1
                     1160                 11530531                200379824    1.000000013351432e-10                        1
                     1176                 11310035                201025008    1.000000013351432e-10                        1
                     1192                 11091249                200601088    1.000000013351432e-10                        1
                     1208                 10875278                200623216    1.000000013351432e-10                        1
                     1224                 10662076                201034064    1.000000013351432e-10                        1
                     1240                 10450563                200366656    1.000000013351432e-10                        1
                     1256                 10242304                200817920    1.000000013351432e-10                        1
                     1272                 10036295                200989328    1.000000013351432e-10                        1
                     1288                  9831953                200073152    1.000000013351432e-10                        1
                     1304                  9631291                200961072    1.000000013351432e-10                        1
                     1320                  9432375                200889248    1.000000013351432e-10                        1
                     1336                  9235469                200253584    1.000000013351432e-10                        1
                     1352                  9041926                201052528    1.000000013351432e-10                        1
                     1368                  8850003                200731696    1.000000013351432e-10                        1
                     1384                  8660522                200535120    1.000000013351432e-10                        1
                     1400                  8473894                201089792    1.000000013351432e-10                        1
                     1416                  8288866                200515408    1.000000013351432e-10                        1
                     1432                  8106697                200766112    1.000000013351432e-10                        1
                     1448                  7926885                201071520    1.000000013351432e-10                        1
                     1464                  7748651                200237792    1.000000013351432e-10                        1
                     1480                7573681.5                200944096    1.000000013351432e-10                        1
                     1496                  7400587                200995824    1.000000013351432e-10                        1
                     1512                7229174.5                200100608    1.000000013351432e-10                        1
                     1528                7061166.5                201068368    1.000000013351432e-10                        1
                     1544                6894691.5                200860176    1.000000013351432e-10                        1
                     1560                6730309.5                200423744    1.000000013351432e-10                        1
                     1576                6568844.5                201136720    1.000000013351432e-10                        1
                     1592                  6408891                200663808    1.000000013351432e-10                        1
                     1608                  6251429                200694384    1.000000013351432e-10                        1
                     1624                  6096409                201146640    1.000000013351432e-10                        1
                     1640                5942880.5                200403920    1.000000013351432e-10                        1
                     1656                5792227.5                200910720    1.000000013351432e-10                        1
                     1672                  5643557                201097616    1.000000013351432e-10                        1
                     1688                5496356.5                200078240    1.000000013351432e-10                        1
                     1704                  5352404                201070416    1.000000013351432e-10                        1
                     1720                  5209987                200986880    1.000000013351432e-10                        1
                     1736                5069343.5                200285568    1.000000013351432e-10                        1
                     1752                4931658.5                201172416    1.000000013351432e-10                        1
                     1768                  4795401                200811920    1.000000013351432e-10                        1
                     1784                  4661295                200599824    1.000000013351432e-10                        1
                     1800                4529696.5                201214464    1.000000013351432e-10                        1
                     1816                4399504.5                200571040    1.000000013351432e-10                        1
                     1832                  4271830                200857408    1.000000013351432e-10                        1
                     1848               4146224.25                201194592    1.000000013351432e-10                        1
                     1864               4021923.25                200252560   5.2097009756835178e-05      0.99994790554046631
                     1880                3899645.5                201018304   0.00063891184981912374      0.99936109781265259
                     1896                  3776747                200665152    0.0028767136391252279      0.99712330102920532
                     1912               3653289.25                200071472    0.0066009997390210629      0.99339902400970459
                     1928                  3513864                194309280     0.032014697790145874      0.96798533201217651
                     1944               3297384.25                300551904      0.10484644770622253      0.89515358209609985
                     1960               2966744.75                497344224      0.24726177752017975      0.75273823738098145
                     1976               2387354.75                828915328       0.5182526707649231       0.4817473292350769
                     1992               1852242.75               1121982592       0.7713286280632019      0.22867138683795929
                     2008                  1558980               1290674432      0.91243994235992432      0.08756004273891449
                     2024              1421293.875               1365129216      0.97135967016220093      0.02864033542573452
                     2040               1354834.75               1389741952       0.9939073920249939    0.0060926317237317562
                     2056              1337499.625               1374392576      0.99758225679397583    0.0024177441373467445
                     2072               1318180.75               1361682176       0.9994359016418457   0.00056409428361803293
                     2088              1297463.875               1350775296                        1    1.000000082740371e-10
                     2104               1276386.25               1340857088                        1    1.000000082740371e-10
                     2120              1255444.875               1330833920                        1    1.000000082740371e-10
                     2136              1234661.125               1320742784                        1    1.000000082740371e-10
                     2152                  1214141               1310772224                        1    1.000000082740371e-10
                     2168                1193748.5               1300680320                        1    1.000000082740371e-10
                     2184                  1173549               1290585088                        1    1.000000082740371e-10
                     2200                1153574.5               1280546816                        1    1.000000082740371e-10
                     2216               1133726.75               1270382976                        1    1.000000082740371e-10
                     2232              1114106.625               1260284672                        1    1.000000082740371e-10
                     2248              1094673.875               1250175616                        1    1.000000082740371e-10
                     2264                  1075367               1239937408                        1    1.000000082740371e-10
                     2280                  1056322               1229836928                        1    1.000000082740371e-10
                     2296             1037426.9375               1219654400                        1    1.000000082740371e-10
                     2312             1018667.5625               1209360000                        1    1.000000082740371e-10
                     2328             1000182.1875               1199236736                        1    1.000000082740371e-10
                     2344               981820.875               1188977408                        1    1.000000082740371e-10
                     2360              963629.6875               1178677632                        1    1.000000082740371e-10
                     2376                   945675               1168478976                        1    1.000000082740371e-10
                     2392              927843.5625               1158139648                        1    1.000000082740371e-10
                     2408              910215.9375               1147835392                        1    1.000000082740371e-10
                     2424              892787.9375               1137557888                        1    1.000000082740371e-10
                     2440                875482.25               1127134464                        1    1.000000082740371e-10
                     2456               858413.875               1116827264                        1    1.000000082740371e-10
                     2472              841508.6875               1106467200                        1    1.000000082740371e-10
                     2488               824725.125               1095955968                        1    1.000000082740371e-10
                     2504               808211.375               1085647104                        1    1.000000082740371e-10
                     2520               791825.125               1075200384                        1    1.000000082740371e-10
                     2536               775587.125               1064665344                        1    1.000000082740371e-10
                     2552                759596.25               1054288000                        1    1.000000082740371e-10
                     2568              743725.1875               1043750464                        1    1.000000082740371e-10
                     2584               728035.375               1033209408                        1    1.000000082740371e-10
                     2600              712556.5625               1022742784                        1    1.000000082740371e-10
                     2616              697196.6875               1012109504                        1    1.000000082740371e-10
                     2632                682050.75               1001564032                        1    1.000000082740371e-10
                     2648              667080.3125                991003648                        1    1.000000082740371e-10
                     2664              652228.0625                980269440                        1    1.000000082740371e-10
                     2680               637621.625                969721344                        1    1.000000082740371e-10
                     2696              623155.8125                959061824                        1    1.000000082740371e-10
                     2712              608817.5625                948251328                        1    1.000000082740371e-10
                     2728              594736.3125                937672640                        1    1.000000082740371e-10
                     2744                 580771.5                926908480                        1    1.000000082740371e-10
                     2760                 566966.5                916089472                        1    1.000000082740371e-10
                     2776              553383.3125                905408384                        1    1.000000082740371e-10
                     2792                539915.75                894533312                        1    1.000000082740371e-10
                     2808                   526640                883708032                        1    1.000000082740371e-10
                     2824             513551.34375                872918592                        1    1.000000082740371e-10
                     2840              500577.5625                861925760                        1    1.000000082740371e-10
                     2856             487826.84375                851096448                        1    1.000000082740371e-10
                     2872             475229.21875                840192064                        1    1.000000082740371e-10
                     2888             462745.78125                829073856                        1    1.000000082740371e-10
                     2904              450516.1875                818243840                        1    1.000000082740371e-10
                     2920               438406.125                807216832                        1    1.000000082740371e-10
                     2936              426435.6875                796064448                        1    1.000000082740371e-10
                     2952                414697.25                785137792                        1    1.000000082740371e-10
                     2968             403071.40625                773979968                        1    1.000000082740371e-10
                     2984             391616.34375                762818560                        1    1.000000082740371e-10
                     3000             380359.59375                751764864                        1    1.000000082740371e-10
                     3016                369214.75                740467072                        1    1.000000082740371e-10
                     3032              358271.4375                729300480                        1    1.000000082740371e-10
                     3048             347493.15625                718110912                        1    1.000000082740371e-10
                     3064               336826.125                706662592                        1    1.000000082740371e-10
                     3080             326391.03125                695495680                        1    1.000000082740371e-10
                     3096              316088.1875                684160192                        1    1.000000082740371e-10
                     3112               305905.875                672597056                        1    1.000000082740371e-10
                     3128              295965.6875                661388032                        1    1.000000082740371e-10
                     3144              286135.4375                649895232                        1    1.000000082740371e-10
                     3160             276456.34375                638320192                        1    1.000000082740371e-10
                     3176              266986.5625                626960384                        1    1.000000082740371e-10
                     3192            257626.140625                615297344                        1    1.000000082740371e-10
                     3208                248447.25                603716608                        1    1.000000082740371e-10
                     3224            239445.296875                592193792                        1    1.000000082740371e-10
                     3240            230552.203125                580345472                        1    1.000000082740371e-10
                     3256            221870.765625                568767360                        1    1.000000082740371e-10
                     3272            213334.359375                557067520                        1    1.000000082740371e-10
                     3288             204906.34375                545016576                        1    1.000000082740371e-10
                     3304              196719.9375                533451776                        1    1.000000082740371e-10
                     3320              188647.0625                521558688                        1    1.000000082740371e-10
                     3336            180707.421875                509457696                        1    1.000000082740371e-10
                     3352             172988.84375                497747488                        1    1.000000082740371e-10
                     3368            165377.890625                485641984                        1    1.000000082740371e-10
                     3384                 157930.5                473538048                        1    1.000000082740371e-10
                     3400            150672.890625                461629952                        1    1.000000082740371e-10
                     3416             143522.71875                449288992                        1    1.000000082740371e-10
                     3432            136566.515625                437198336                        1    1.000000082740371e-10
                     3448              129769.1875                425072032                        1    1.000000082740371e-10
                     3464             123079.21875                412467712                        1    1.000000082740371e-10
                     3480           116613.9609375                400413120                        1    1.000000082740371e-10
                     3496           110276.9921875                388043424                        1    1.000000082740371e-10
                     3512           104057.4296875                375239104                        1    1.000000082740371e-10
                     3528            98073.9921875                363154368                        1    1.000000082740371e-10
                     3544            92198.4296875                350510848                        1    1.000000082740371e-10
                     3560              86471.59375                337716064                        1    1.000000082740371e-10
                     3576            80951.2734375                325392736                        1    1.000000082740371e-10
                     3592            75539.5078125                312435264                        1    1.000000082740371e-10
                     3608             70308.734375                299688704                        1    1.000000082740371e-10
                     3624           65255.32421875                287095744                        1    1.000000082740371e-10
                     3640            60311.5703125                273771008                        1    1.000000082740371e-10
                     3656           55582.76171875                261132240                        1    1.000000082740371e-10
                     3672             51002.546875                248228368                        1    1.000000082740371e-10
                     3688            46533.6484375                234460272                        1    1.000000082740371e-10
                     3704            42316.5859375                222025120                        1    1.000000082740371e-10
                     3720           38219.50390625                208751024                        1    1.000000082740371e-10
                     3736              34263.78125                194940880                        1    1.000000082740371e-10
                     3752           30546.87890625                182353360                        1    1.000000082740371e-10
                     3768            26948.6796875                168615280                        1    1.000000082740371e-10
                     3784           23532.24609375                154980528                        1    1.000000082740371e-10
                     3800           20332.95703125                142121776                        1    1.000000082740371e-10
                     3816           17259.21484375                127748840                        1    1.000000082740371e-10
                     3832         14417.3134765625                114564272                        1    1.000000082740371e-10
                     3848          11775.150390625                101388472                        1    1.000000082740371e-10
                     3864             9270.1328125                 85993824                        1    1.000000082740371e-10
                     3880          7069.6513671875                 74002960                        1    1.000000082740371e-10
                     3896           5061.357421875                 60436232                        1    1.000000082740371e-10
                     3912        3229.652099609375                 43700096                        1    1.000000082740371e-10
                     3928       1812.7484130859375                 35644080                        1    1.000000082740371e-10
                     3944        722.5128173828125                 19958302                        1    1.000000082740371e-10
                     3960       103.14896392822266                 20770946                        1    1.000000082740371e-10
                     3976   9.9999997473787516e-05                  8000000                        1    1.000000082740371e-10
                     3992   9.9999997473787516e-05                  8000000                        1    1.000000082740371e-10
                     4008   9.9999997473787516e-05                  8000000                        1    1.000000082740371e-10
                     4024   9.9999997473787516e-05                  8000000                        1    1.000000082740371e-10
                     4040   9.9999997473787516e-05                  8000000                        1    1.000000082740371e-10
                     4056   9.9999997473787516e-05                  8000000                        1    1.000000082740371e-10
                     4072   9.9999997473787516e-05                  8000000                        1    1.000000082740371e-10
                     4088   9.9999997473787516e-05                  8000000                        1    1.000000082740371e-10
                     4112   9.9999997473787516e-05                  8000000                        1    1.000000082740371e-10
                     4144   9.9999997473787516e-05                  8000000                        1    1.000000082740371e-10
                     4176   9.9999997473787516e-05                  8000000                        1    1.000000082740371e-10
                     4208   9.9999997473787516e-05                  8000000                        1    1.000000082740371e-10
                     4240   9.9999997473787516e-05                  8000000                        1    1.000000082740371e-10
                     4272   9.9999997473787516e-05                  8000000                        1    1.000000082740371e-10
                     4304   9.9999997473787516e-05                  8000000                        1    1.000000082740371e-10
                     4336   9.9999997473787516e-05                  8000000                        1    1.000000082740371e-10
                     4368   9.9999997473787516e-05                  8000000                        1    1.000000082740371e-10
                     4400   9.9999997473787516e-05                  8000000                        1    1.000000082740371e-10
                     4432   9.9999997473787516e-05                  8000000                        1    1.000000082740371e-10
                     4464   9.9999997473787516e-05                  8000000                        1    1.000000082740371e-10
                     4496   9.9999997473787516e-05                  8000000                        1    1.000000082740371e-10
                     4528   9.9999997473787516e-05                  8000000                        1    1.000000082740371e-10
                     4560   9.9999997473787516e-05                  8000000                        1    1.000000082740371e-10
                     4592   9.9999997473787516e-05                  8000000                        1    1.000000082740371e-10
                     4624   9.9999997473787516e-05                  8000000                        1    1.000000082740371e-10
                     4656   9.9999997473787516e-05                  8000000                        1    1.000000082740371e-10
                     4688   9.9999997473787516e-05                  8000000                        1    1.000000082740371e-10
                     4720   9.9999997473787516e-05                  8000000                        1    1.000000082740371e-10
                     4752   9.9999997473787516e-05                  8000000                        1    1.000000082740371e-10
                     4784   9.9999997473787516e-05                  8000000                        1    1.000000082740371e-10
                     4816   9.9999997473787516e-05                  8000000                        1    1.000000082740371e-10
                     4848   9.9999997473787516e-05                  8000000                        1    1.000000082740371e-10
                     4880   9.9999997473787516e-05                  8000000                        1    1.000000082740371e-10
                     4912   9.9999997473787516e-05                  8000000                        1    1.000000082740371e-10
                     4944   9.9999997473787516e-05                  8000000                        1    1.000000082740371e-10
                     4976   9.9999997473787516e-05                  8000000                        1    1.000000082740371e-10
                     5008   9.9999997473787516e-05                  8000000                        1    1.000000082740371e-10
                     5040   9.9999997473787516e-05                  8000000                        1    1.000000082740371e-10
                     5072   9.9999997473787516e-05                  8000000                        1    1.000000082740371e-10
                     5104   9.9999997473787516e-05                  8000000                        1    1.000000082740371e-10
                     5184   9.9999997473787516e-05                  8000000                        1    1.000000082740371e-10
                     5312   9.9999997473787516e-05                  8000000                        1    1.000000082740371e-10
                     5440   9.9999997473787516e-05                  8000000                        1    1.000000082740371e-10
                     5568   9.9999997473787516e-05                  8000000                        1    1.000000082740371e-10
                     5696   9.9999997473787516e-05                  8000000                        1    1.000000082740371e-10
                     5824   9.9999997473787516e-05                  8000000                        1    1.000000082740371e-10
                     5952   9.9999997473787516e-05                  8000000                        1    1.000000082740371e-10
                     6080   9.9999997473787516e-05                  8000000                        1    1.000000082740371e-10
                     6208   9.9999997473787516e-05                  8000000                        1    1.000000082740371e-10
                     6336   9.9999997473787516e-05                  8000000                        1    1.000000082740371e-10
                     6464   9.9999997473787516e-05                  8000000                        1    1.000000082740371e-10
                     6592   9.9999997473787516e-05                  8000000                        1    1.000000082740371e-10
                     6720   9.9999997473787516e-05                  8000000                        1    1.000000082740371e-10
                     6848   9.9999997473787516e-05                  8000000                        1    1.000000082740371e-10
                     6976   9.9999997473787516e-05                  8000000                        1    1.000000082740371e-10
                     7104   9.9999997473787516e-05                  8000000                        1    1.000000082740371e-10
                     7232   9.9999997473787516e-05                  8000000                        1    1.000000082740371e-10
                     7360   9.9999997473787516e-05                  8000000                        1    1.000000082740371e-10
                     7488   9.9999997473787516e-05                  8000000                        1    1.000000082740371e-10
                     7616   9.9999997473787516e-05                  8000000                        1    1.000000082740371e-10
                     7744   9.9999997473787516e-05                  8000000                        1    1.000000082740371e-10
                     7872   9.9999997473787516e-05                  8000000                        1    1.000000082740371e-10
                     8000   9.9999997473787516e-05                  8000000                        1    1.000000082740371e-10
                     8128   9.9999997473787516e-05                  8000000                        1    1.000000082740371e-10
                     8256   9.9999997473787516e-05                  8000000                        1    1.000000082740371e-10
                     8384   9.9999997473787516e-05                  8000000                        1    1.000000082740371e-10
                     8512   9.9999997473787516e-05                  8000000                        1    1.000000082740371e-10
                     8640   9.9999997473787516e-05                  8000000                        1    1.000000082740371e-10
                     8768   9.9999997473787516e-05                  8000000                        1    1.000000082740371e-10
                     8896   9.9999997473787516e-05                  8000000                        1    1.000000082740371e-10
                     9024   9.9999997473787516e-05                  8000000                        1    1.000000082740371e-10
                     9152   9.9999997473787516e-05                  8000000                        1    1.000000082740371e-10
                     9280   9.9999997473787516e-05                  8000000                        1    1.000000082740371e-10
                     9408   9.9999997473787516e-05                  8000000                        1    1.000000082740371e-10
                     9536   9.9999997473787516e-05                  8000000                        1    1.000000082740371e-10
                     9664   9.9999997473787516e-05                  8000000                        1    1.000000082740371e-10
                     9792   9.9999997473787516e-05                  8000000                        1    1.000000082740371e-10
                     9920   9.9999997473787516e-05                  8000000                        1    1.000000082740371e-10
                    10048   9.9999997473787516e-05                  8000000                        1    1.000000082740371e-10
                    10176   9.9999997473787516e-05                  8000000                        1    1.000000082740371e-10
                    10304   9.9999997473787516e-05                  8000000                        1    1.000000082740371e-10
                    10432   9.9999997473787516e-05                  8000000                        1    1.000000082740371e-10
                    10560   9.9999997473787516e-05                  8000000                        1    1.000000082740371e-10
                    10688   9.9999997473787516e-05                  8000000                        1    1.000000082740371e-10
                    10816   9.9999997473787516e-05                  8000000                        1    1.000000082740371e-10
                    10944   9.9999997473787516e-05                  8000000                        1    1.000000082740371e-10
                    11072   9.9999997473787516e-05                  8000000                        1    1.000000082740371e-10
                    11200   9.9999997473787516e-05                  8000000                        1    1.000000082740371e-10
                    11328   9.9999997473787516e-05                  8000000                        1    1.000000082740371e-10
                    11456   9.9999997473787516e-05                  8000000                        1    1.000000082740371e-10
                    11584   9.9999997473787516e-05                  8000000                        1    1.000000082740371e-10
                    11712   9.9999997473787516e-05                  8000000                        1    1.000000082740371e-10
                    11840   9.9999997473787516e-05                  8000000                        1    1.000000082740371e-10
                    11968   9.9999997473787516e-05                  8000000                        1    1.000000082740371e-10
                    12096   9.9999997473787516e-05                  8000000                        1    1.000000082740371e-10
                    12224   9.9999997473787516e-05                  8000000                        1    1.000000082740371e-10
                    12352   9.9999997473787516e-05                  8000000                        1    1.000000082740371e-10
                    12480   9.9999997473787516e-05                  8000000                        1    1.000000082740371e-10
                    12608   9.9999997473787516e-05                  8000000                        1    1.000000082740371e-10
                    12736   9.9999997473787516e-05                  8000000                        1    1.000000082740371e-10
                    12864   9.9999997473787516e-05                  8000000                        1    1.000000082740371e-10
                    12992   9.9999997473787516e-05                  8000000                        1    1.000000082740371e-10
                    13120   9.9999997473787516e-05                  8000000                        1    1.000000082740371e-10
                    13248   9.9999997473787516e-05                  8000000                        1    1.000000082740371e-10
                    13376   9.9999997473787516e-05                  8000000                        1    1.000000082740371e-10
                    13504   9.9999997473787516e-05                  8000000                        1    1.000000082740371e-10
                    13632   9.9999997473787516e-05                  8000000                        1    1.000000082740371e-10
                    13760   9.9999997473787516e-05                  8000000                        1    1.000000082740371e-10
                    13888   9.9999997473787516e-05                  8000000                        1    1.000000082740371e-10
                    14016   9.9999997473787516e-05                  8000000                        1    1.000000082740371e-10
                    14144   9.9999997473787516e-05                  8000000                        1    1.000000082740371e-10
                    14272   9.9999997473787516e-05                  8000000                        1    1.000000082740371e-10
                    14400   9.9999997473787516e-05                  8000000                        1    1.000000082740371e-10
                    14528   9.9999997473787516e-05                  8000000                        1    1.000000082740371e-10
                    14656   9.9999997473787516e-05                  8000000                        1    1.000000082740371e-10
                    14784   9.9999997473787516e-05                  8000000                        1    1.000000082740371e-10
                    14912   9.9999997473787516e-05                  8000000                        1    1.000000082740371e-10
                    15040   9.9999997473787516e-05                  8000000                        1    1.000000082740371e-10
                    15168   9.9999997473787516e-05                  8000000                        1    1.000000082740371e-10
                    15296   9.9999997473787516e-05                  8000000                        1    1.000000082740371e-10
                    15424   9.9999997473787516e-05                  8000000                        1    1.000000082740371e-10
                    15552   9.9999997473787516e-05                  8000000                        1    1.000000082740371e-10
                    15680   9.9999997473787516e-05                  8000000                        1    1.000000082740371e-10
                    15808   9.9999997473787516e-05                  8000000                        1    1.000000082740371e-10
                    15936   9.9999997473787516e-05                  8000000                        1    1.000000082740371e-10
                    16064   9.9999997473787516e-05                  8000000                        1    1.000000082740371e-10
                    16192   9.9999997473787516e-05                  8000000                        1    1.000000082740371e-10
                    16320   9.9999997473787516e-05                  8000000                        1    1.000000082740371e-10
                    16448   9.9999997473787516e-05                  8000000                        1    1.000000082740371e-10
                    16576   9.9999997473787516e-05                  8000000                        1    1.000000082740371e-10
                    16704   9.9999997473787516e-05                  8000000                        1    1.000000082740371e-10
                    16832   9.9999997473787516e-05                  8000000                        1    1.000000082740371e-10
                    16960   9.9999997473787516e-05                  8000000                        1    1.000000082740371e-10
                    17088   9.9999997473787516e-05                  8000000                        1    1.000000082740371e-10
                    17216   9.9999997473787516e-05                  8000000                        1    1.000000082740371e-10
                    17344   9.9999997473787516e-05                  8000000                        1    1.000000082740371e-10
                    17472   9.9999997473787516e-05                  8000000                        1    1.000000082740371e-10
                    17600   9.9999997473787516e-05                  8000000                        1    1.000000082740371e-10
                    17728   9.9999997473787516e-05                  8000000                        1    1.000000082740371e-10
                    17856   9.9999997473787516e-05                  8000000                        1    1.000000082740371e-10
                    17984   9.9999997473787516e-05                  8000000                        1    1.000000082740371e-10
                    18112   9.9999997473787516e-05                  8000000                        1    1.000000082740371e-10
                    18240   9.9999997473787516e-05                  8000000                        1    1.000000082740371e-10
                    18368   9.9999997473787516e-05                  8000000                        1    1.000000082740371e-10
                    18496   9.9999997473787516e-05                  8000000                        1    1.000000082740371e-10
                    18624   9.9999997473787516e-05                  8000000                        1    1.000000082740371e-10
                    18752   9.9999997473787516e-05                  8000000                        1    1.000000082740371e-10
                    18880   9.9999997473787516e-05                  8000000                        1    1.000000082740371e-10
                    19008   9.9999997473787516e-05                  8000000                        1    1.000000082740371e-10
                    19136   9.9999997473787516e-05                  8000000                        1    1.000000082740371e-10
                    19264   9.9999997473787516e-05                  8000000                        1    1.000000082740371e-10
                    19392   9.9999997473787516e-05                  8000000                        1    1.000000082740371e-10
                    19520   9.9999997473787516e-05                  8000000                        1    1.000000082740371e-10
                    19648   9.9999997473787516e-05                  8000000                        1    1.000000082740371e-10
                    19776   9.9999997473787516e-05                  8000000                        1    1.000000082740371e-10
                    19904   9.9999997473787516e-05                  8000000                        1    1.000000082740371e-10
                    20032   9.9999997473787516e-05                  8000000                        1    1.000000082740371e-10
                    20160   9.9999997473787516e-05                  8000000                        1    1.000000082740371e-10
                    20288   9.9999997473787516e-05                  8000000                        1    1.000000082740371e-10
                    20416   9.9999997473787516e-05                  8000000                        1    1.000000082740371e-10
                    20544   9.9999997473787516e-05                  8000000                        1    1.000000082740371e-10
                    20672   9.9999997473787516e-05                  8000000                        1    1.000000082740371e-10
                    20800   9.9999997473787516e-05                  8000000                        1    1.000000082740371e-10
                    20928   9.9999997473787516e-05                  8000000                        1    1.000000082740371e-10
                    21056   9.9999997473787516e-05                  8000000                        1    1.000000082740371e-10
                    21184   9.9999997473787516e-05                  8000000                        1    1.000000082740371e-10
                    21312   9.9999997473787516e-05                  8000000                        1    1.000000082740371e-10
                    21440   9.9999997473787516e-05                  8000000                        1    1.000000082740371e-10
                    21568   9.9999997473787516e-05                  8000000                        1    1.000000082740371e-10
                    21696   9.9999997473787516e-05                  8000000                        1    1.000000082740371e-10
                    21824   9.9999997473787516e-05                  8000000                        1    1.000000082740371e-10
                    21952   9.9999997473787516e-05                  8000000                        1    1.000000082740371e-10
                    22080   9.9999997473787516e-05                  8000000                        1    1.000000082740371e-10
                    22208   9.9999997473787516e-05                  8000000                        1    1.000000082740371e-10
                    22336   9.9999997473787516e-05                  8000000                        1    1.000000082740371e-10
                    22464   9.9999997473787516e-05                  8000000                        1    1.000000082740371e-10
                    22592   9.9999997473787516e-05                  8000000                        1    1.000000082740371e-10
                    22720   9.9999997473787516e-05                  8000000                        1    1.000000082740371e-10
                    22848   9.9999997473787516e-05                  8000000                        1    1.000000082740371e-10
                    22976   9.9999997473787516e-05                  8000000                        1    1.000000082740371e-10
                    23104   9.9999997473787516e-05                  8000000                        1    1.000000082740371e-10
                    23232   9.9999997473787516e-05                  8000000                        1    1.000000082740371e-10
                    23360   9.9999997473787516e-05                  8000000                        1    1.000000082740371e-10
                    23488   9.9999997473787516e-05                  8000000                        1    1.000000082740371e-10
                    23616   9.9999997473787516e-05                  8000000                        1    1.000000082740371e-10
                    23744   9.9999997473787516e-05                  8000000                        1    1.000000082740371e-10
                    23872   9.9999997473787516e-05                  8000000                        1    1.000000082740371e-10
                    24000   9.9999997473787516e-05                  8000000                        1    1.000000082740371e-10
                    24128   9.9999997473787516e-05                  8000000                        1    1.000000082740371e-10
                    24256   9.9999997473787516e-05                  8000000                        1    1.000000082740371e-10
                    24384   9.9999997473787516e-05                  8000000                        1    1.000000082740371e-10
                    24512   9.9999997473787516e-05                  8000000                        1    1.000000082740371e-10
