AMReX (20.03-159-g1e986786f5b0) initialized

Level  L0 norm of Error in Each Component
-----------------------------------------------
level: 0
                 density        1.620523e+03       1.624346   5.256278e+02
                    xmom        2.268354e+11       2.363676   4.407307e+10
                    ymom        2.268354e+11       2.363676   4.407307e+10
                    zmom        0.000000e+00   ------------   0.000000e+00
                   rho_E        7.217776e+19       2.425353   1.343691e+19
                   rho_e        6.849654e+19       2.492727   1.216979e+19
                    Temp        2.892999e+06       1.716463   8.803217e+05
                 rho_He4        1.857378e+03       1.614833   6.064390e+02
                 rho_C12        2.957435e+02       1.875326   8.060941e+01
                 rho_O16        6.553848e-01       1.797917   1.884818e-01
                rho_Ne20        1.484188e-01       1.613943   4.848905e-02
                rho_Mg24        6.123687e-03       1.440868   2.255633e-03
                rho_Si28        1.123511e-05       1.186521   4.936268e-06
                 rho_S32        1.620483e-07       1.624598   5.255230e-08
                rho_Ar36        1.620521e-07       1.624357   5.256233e-08
                rho_Ca40        1.620523e-07       1.624346   5.256277e-08
                rho_Ti44        1.620523e-07       1.624346   5.256278e-08
                rho_Cr48        1.620523e-07       1.624346   5.256278e-08
                rho_Fe52        1.620523e-07       1.624346   5.256278e-08
                rho_Ni56        1.620523e-07       1.624346   5.256278e-08
                rho_enuc        1.345156e+21       2.373837   2.595234e+20
                pressure        4.045916e+19       2.461536   7.345488e+18
                  kineng        1.433820e+19       1.931912   3.757781e+18
              soundspeed        4.150747e+05       1.734347   1.247487e+05
                 Gamma_1        4.730041e-04       1.722316   1.433495e-04
              MachNumber        1.281847e-03       1.832173   3.599954e-04
                 entropy        6.182465e+05       1.728223   1.866013e+05
                 magvort        1.019987e-01       1.049945   4.926398e-02
                    divu        2.033626e-01       1.207784   8.804243e-02
                  eint_E        3.008356e+14       1.737191   9.023658e+13
                  eint_e        3.008356e+14       1.737191   9.023658e+13
                  logden        1.620230e-03       1.552502   5.523662e-04
              StateErr_0        1.620523e+03       1.624346   5.256278e+02
              StateErr_1        2.892999e+06       1.716463   8.803217e+05
              StateErr_2        1.030156e-03       1.788243   2.982553e-04
                  X(He4)        1.030156e-03       1.788243   2.982553e-04
                  X(C12)        1.028054e-03       1.787852   2.977274e-04
                  X(O16)        1.713471e-06       1.787871   4.962197e-07
                 X(Ne20)        3.732309e-07       1.605508   1.226511e-07
                 X(Mg24)        1.525336e-08       1.433296   5.648071e-09
                 X(Si28)        2.817815e-11       1.187048   1.237586e-11
                  X(S32)        1.568869e-16       1.301621   6.364434e-17
                 X(Ar36)        6.025362e-18       1.856778   1.663555e-18
                 X(Ca40)        1.733699e-18       5.893171   2.917108e-20
                 X(Ti44)        1.824454e-18      10.472425   1.284159e-21
                 X(Cr48)        1.825969e-18      10.049726   1.722759e-21
                 X(Fe52)        1.825979e-18      10.061372   1.708916e-21
                 X(Ni56)        1.825979e-18      10.061372   1.708916e-21
                    abar        3.076603e-03       1.791637   8.886585e-04
              x_velocity        3.356289e+05       2.128714   7.674544e+04
              y_velocity        3.356289e+05       2.128714   7.674544e+04
              z_velocity        0.000000e+00   ------------   0.000000e+00
          t_sound_t_enuc        5.592022e-03       1.006049   2.784312e-03
                    enuc        2.772475e+15       2.218398   5.957492e+14
                  magvel        3.007063e+05       1.663498   9.492480e+04
                  radvel        3.006226e+05       1.663240   9.491538e+04
                 circvel        3.537938e+05       3.148296   3.990421e+04
                  magmom        2.081025e+11       2.199202   4.531602e+10
      angular_momentum_x        0.000000e+00   ------------   0.000000e+00
      angular_momentum_y        0.000000e+00   ------------   0.000000e+00
      angular_momentum_z        2.878016e+18       2.889418   3.884110e+17

Level  L1 norm of Error in Each Component
-----------------------------------------------
level: 0
                 density        6.776573e+17       2.554002   1.153928e+17
                    xmom        1.244909e+26       2.889241   1.680309e+25
                    ymom        1.244909e+26       2.889241   1.680309e+25
                    zmom        0.000000e+00   ------------   0.000000e+00
                   rho_E        4.802289e+34       2.741795   7.179361e+33
                   rho_e        4.525702e+34       2.821076   6.404090e+33
                    Temp        6.923740e+20       2.481491   1.239760e+20
                 rho_He4        7.095104e+17       2.529190   1.229127e+17
                 rho_C12        4.394482e+16       2.230784   9.362131e+15
                 rho_O16        2.080090e+13       1.956022   5.361184e+12
                rho_Ne20        2.521749e+12       1.910429   6.708191e+11
                rho_Mg24        8.201390e+10       1.916717   2.172191e+10
                rho_Si28        1.846306e+08       2.100385   4.305512e+07
                 rho_S32        6.776479e+07       2.554012   1.153904e+07
                rho_Ar36        6.776569e+07       2.554003   1.153927e+07
                rho_Ca40        6.776572e+07       2.554002   1.153928e+07
                rho_Ti44        6.776572e+07       2.554002   1.153928e+07
                rho_Cr48        6.776572e+07       2.554002   1.153928e+07
                rho_Fe52        6.776572e+07       2.554002   1.153928e+07
                rho_Ni56        6.776572e+07       2.554002   1.153928e+07
                rho_enuc        3.648309e+35       2.612864   5.964047e+34
                pressure        2.710313e+34       2.805005   3.878187e+33
                  kineng        7.122676e+33       2.580637   1.190677e+33
              soundspeed        1.138081e+20       2.527211   1.974271e+19
                 Gamma_1        8.507144e+10       2.435877   1.572214e+10
              MachNumber        7.860629e+11       2.675599   1.230330e+11
                 entropy        1.427135e+20       2.433540   2.641780e+19
                 magvort        4.292585e+13       1.453825   1.567018e+13
                    divu        1.288761e+14       1.865552   3.536594e+13
                  eint_E        6.598181e+28       2.493667   1.171536e+28
                  eint_e        6.598181e+28       2.493667   1.171536e+28
                  logden        5.290919e+11       2.507731   9.303128e+10
              StateErr_0        6.776573e+17       2.554002   1.153928e+17
              StateErr_1        6.923740e+20       2.481491   1.239760e+20
              StateErr_2        1.118028e+11       2.168049   2.487738e+10
                  X(He4)        1.118028e+11       2.168049   2.487738e+10
                  X(C12)        1.117455e+11       2.168165   2.486265e+10
                  X(O16)        5.197284e+07       1.949429   1.345674e+07
                 X(Ne20)        6.242726e+06       1.906520   1.665154e+06
                 X(Mg24)        2.024932e+05       1.913399   5.375514e+04
                 X(Si28)        3.125002e+02       1.888395   8.440863e+01
                  X(S32)        2.406434e-03       1.912427   6.392578e-04
                 X(Ar36)        1.089066e-04       2.101122   2.538361e-05
                 X(Ca40)        3.496935e-05       6.358934   4.260471e-07
                 X(Ti44)        3.196497e-05       9.453833   4.558131e-08
                 X(Cr48)        3.197462e-05       9.459001   4.543205e-08
                 X(Fe52)        3.197435e-05       9.484078   4.464880e-08
                 X(Ni56)        3.197434e-05       9.484077   4.464880e-08
                    abar        3.180445e+11       2.162645   7.103408e+10
              x_velocity        2.023751e+20       2.885935   2.737814e+19
              y_velocity        2.023751e+20       2.885935   2.737814e+19
              z_velocity        0.000000e+00   ------------   0.000000e+00
          t_sound_t_enuc        5.286769e+12       0.998039   2.646980e+12
                    enuc        7.449996e+29       2.521627   1.297390e+29
                  magvel        1.849879e+20       2.600010   3.051142e+19
                  radvel        1.850035e+20       2.599838   3.051763e+19
                 circvel        1.920369e+20       3.100158   2.239464e+19
                  magmom        1.202862e+26       2.615646   1.962582e+25
      angular_momentum_x        0.000000e+00   ------------   0.000000e+00
      angular_momentum_y        0.000000e+00   ------------   0.000000e+00
      angular_momentum_z        2.366885e+33       3.033323   2.891053e+32
[The  Pinned Arena] space allocated (MB): 8
[The  Pinned Arena] space used      (MB): 0
AMReX (20.03-159-g1e986786f5b0) finalized
