AMReX (20.03-159-g1e986786f5b0) initialized

Level  L0 norm of Error in Each Component
-----------------------------------------------
level: 0
Warning: BoxArray lengths are not the same at level 0
                 density        4.288170e+03       1.403903   1.620523e+03
                    xmom        8.751166e+11       1.947830   2.268354e+11
                    ymom        8.751166e+11       1.947830   2.268354e+11
                    zmom        0.000000e+00   ------------   0.000000e+00
                   rho_E        4.161331e+20       2.527419   7.217776e+19
                   rho_e        3.770249e+20       2.460557   6.849654e+19
                    Temp        9.195269e+06       1.668326   2.892999e+06
                 rho_He4        5.207109e+03       1.487215   1.857378e+03
                 rho_C12        9.173474e+02       1.633122   2.957435e+02
                 rho_O16        1.384393e+00       1.078839   6.553848e-01
                rho_Ne20        2.010437e-01       0.437835   1.484188e-01
                rho_Mg24        5.735724e-03      -0.094425   6.123687e-03
                rho_Si28        6.828293e-06      -0.718417   1.123511e-05
                 rho_S32        4.287519e-07       1.403719   1.620483e-07
                rho_Ar36        4.288105e-07       1.403882   1.620521e-07
                rho_Ca40        4.288165e-07       1.403901   1.620523e-07
                rho_Ti44        4.288166e-07       1.403902   1.620523e-07
                rho_Cr48        4.288166e-07       1.403902   1.620523e-07
                rho_Fe52        4.288166e-07       1.403902   1.620523e-07
                rho_Ni56        4.288166e-07       1.403902   1.620523e-07
                rho_enuc        3.874610e+21       1.526277   1.345156e+21
                pressure        2.232141e+20       2.463890   4.045916e+19
                  kineng        6.380107e+19       2.153716   1.433820e+19
              soundspeed        1.338494e+06       1.689167   4.150747e+05
                 Gamma_1        1.445113e-03       1.611257   4.730041e-04
              MachNumber        6.599851e-03       2.364210   1.281847e-03
                 entropy        1.788994e+06       1.532894   6.182465e+05
                 magvort        1.650896e-01       0.694699   1.019987e-01
                    divu        9.406114e-01       2.209544   2.033626e-01
                  eint_E        9.434931e+14       1.649037   3.008356e+14
                  eint_e        9.434931e+14       1.649037   3.008356e+14
                  logden        4.439489e-03       1.454195   1.620230e-03
              StateErr_0        4.288170e+03       1.403903   1.620523e+03
              StateErr_1        9.195269e+06       1.668326   2.892999e+06
              StateErr_2        2.974575e-03       1.529821   1.030156e-03
                  X(He4)        2.974575e-03       1.529821   1.030156e-03
                  X(C12)        2.970526e-03       1.530803   1.028054e-03
                  X(O16)        3.538131e-06       1.046066   1.713471e-06
                 X(Ne20)        4.965522e-07       0.411877   3.732309e-07
                 X(Mg24)        1.406421e-08      -0.117098   1.525336e-08
                 X(Si28)        1.795599e-11      -0.650112   2.817815e-11
                  X(S32)        1.615468e-16       0.042227   1.568869e-16
                 X(Ar36)        5.600277e-17       3.216378   6.025362e-18
                 X(Ca40)        5.620833e-17       5.018858   1.733699e-18
                 X(Ti44)        5.632555e-17       4.948253   1.824454e-18
                 X(Cr48)        5.632683e-17       4.947088   1.825969e-18
                 X(Fe52)        5.632684e-17       4.947081   1.825979e-18
                 X(Ni56)        5.632684e-17       4.947081   1.825979e-18
                    abar        8.812361e-03       1.518190   3.076603e-03
              x_velocity        1.885977e+06       2.490373   3.356289e+05
              y_velocity        1.885977e+06       2.490373   3.356289e+05
              z_velocity        0.000000e+00   ------------   0.000000e+00
          t_sound_t_enuc        1.140529e-02       1.028261   5.592022e-03
                    enuc        7.982194e+15       1.525611   2.772475e+15
                  magvel        1.716788e+06       2.513285   3.007063e+05
                  radvel        1.726114e+06       2.521503   3.006226e+05
                 circvel        1.334607e+06       1.915434   3.537938e+05
                  magmom        8.325434e+11       2.000231   2.081025e+11
      angular_momentum_x        0.000000e+00   ------------   0.000000e+00
      angular_momentum_y        0.000000e+00   ------------   0.000000e+00
      angular_momentum_z        1.058581e+19       1.878986   2.878016e+18

Level  L1 norm of Error in Each Component
-----------------------------------------------
level: 0
Warning: BoxArray lengths are not the same at level 0
                 density        2.793947e+18       2.043677   6.776573e+17
                    xmom        6.795228e+26       2.448482   1.244909e+26
                    ymom        6.795228e+26       2.448482   1.244909e+26
                    zmom        0.000000e+00   ------------   0.000000e+00
                   rho_E        2.450687e+35       2.351392   4.802289e+34
                   rho_e        2.260542e+35       2.320455   4.525702e+34
                    Temp        2.236395e+21       1.691552   6.923740e+20
                 rho_He4        2.877844e+18       2.020093   7.095104e+17
                 rho_C12        1.698370e+17       1.950386   4.394482e+16
                 rho_O16        6.629242e+13       1.672198   2.080090e+13
                rho_Ne20        7.233928e+12       1.520355   2.521749e+12
                rho_Mg24        2.064163e+11       1.331617   8.201390e+10
                rho_Si28        5.233704e+08       1.503191   1.846306e+08
                 rho_S32        2.793920e+08       2.043683   6.776479e+07
                rho_Ar36        2.793942e+08       2.043675   6.776569e+07
                rho_Ca40        2.793943e+08       2.043675   6.776572e+07
                rho_Ti44        2.793943e+08       2.043675   6.776572e+07
                rho_Cr48        2.793943e+08       2.043675   6.776572e+07
                rho_Fe52        2.793943e+08       2.043675   6.776572e+07
                rho_Ni56        2.793943e+08       2.043675   6.776572e+07
                rho_enuc        1.380520e+36       1.919912   3.648309e+35
                pressure        1.346961e+35       2.313177   2.710313e+34
                  kineng        3.855949e+34       2.436595   7.122676e+33
              soundspeed        4.191655e+20       1.880917   1.138081e+20
                 Gamma_1        3.089254e+11       1.860512   8.507144e+10
              MachNumber        4.262311e+12       2.438919   7.860629e+11
                 entropy        4.034039e+20       1.499103   1.427135e+20
                 magvort        1.391752e+14       1.696983   4.292585e+13
                    divu        4.710120e+14       1.869780   1.288761e+14
                  eint_E        2.392907e+29       1.858624   6.598181e+28
                  eint_e        2.392907e+29       1.858624   6.598181e+28
                  logden        2.136641e+12       2.013754   5.290919e+11
              StateErr_0        2.793947e+18       2.043677   6.776573e+17
              StateErr_1        2.236395e+21       1.691552   6.923740e+20
              StateErr_2        3.965993e+11       1.826726   1.118028e+11
                  X(He4)        3.965993e+11       1.826726   1.118028e+11
                  X(C12)        3.964214e+11       1.826819   1.117455e+11
                  X(O16)        1.637344e+08       1.655527   5.197284e+07
                 X(Ne20)        1.787167e+07       1.517427   6.242726e+06
                 X(Mg24)        5.101717e+05       1.333110   2.024932e+05
                 X(Si28)        6.665879e+02       1.092938   3.125002e+02
                  X(S32)        9.624229e-03       1.999774   2.406434e-03
                 X(Ar36)        3.128986e-03       4.844532   1.089066e-04
                 X(Ca40)        2.447851e-03       6.129281   3.496935e-05
                 X(Ti44)        2.433709e-03       6.250521   3.196497e-05
                 X(Cr48)        2.433480e-03       6.249950   3.197462e-05
                 X(Fe52)        2.433478e-03       6.249961   3.197435e-05
                 X(Ni56)        2.433478e-03       6.249961   3.197434e-05
                    abar        1.127204e+12       1.825449   3.180445e+11
              x_velocity        1.119617e+21       2.467902   2.023751e+20
              y_velocity        1.119617e+21       2.467902   2.023751e+20
              z_velocity        0.000000e+00   ------------   0.000000e+00
          t_sound_t_enuc        1.051123e+13       0.991473   5.286769e+12
                    enuc        2.598502e+30       1.802368   7.449996e+29
                  magvel        1.031197e+21       2.478817   1.849879e+20
                  radvel        1.031187e+21       2.478682   1.850035e+20
                 circvel        9.473174e+20       2.302464   1.920369e+20
                  magmom        6.641069e+26       2.464945   1.202862e+26
      angular_momentum_x        0.000000e+00   ------------   0.000000e+00
      angular_momentum_y        0.000000e+00   ------------   0.000000e+00
      angular_momentum_z        1.152906e+34       2.284213   2.366885e+33
[The  Pinned Arena] space allocated (MB): 8
[The  Pinned Arena] space used      (MB): 0
AMReX (20.03-159-g1e986786f5b0) finalized
