AMReX (20.03-159-g1e986786f5b0) initialized

Level  L0 norm of Error in Each Component
-----------------------------------------------
level: 0
                 density        1.578188e+03       1.612685   5.160505e+02
                    xmom        2.274792e+11       2.328186   4.529893e+10
                    ymom        2.274792e+11       2.328186   4.529893e+10
                    zmom        0.000000e+00   ------------   0.000000e+00
                   rho_E        7.320388e+19       2.443038   1.346190e+19
                   rho_e        6.929562e+19       2.507079   1.218989e+19
                    Temp        2.911822e+06       1.751043   8.650639e+05
                 rho_He4        1.845959e+03       1.633023   5.951594e+02
                 rho_C12        2.978232e+02       1.889616   8.037619e+01
                 rho_O16        6.605553e-01       1.797088   1.900780e-01
                rho_Ne20        1.495170e-01       1.612339   4.890218e-02
                rho_Mg24        6.168972e-03       1.439147   2.275027e-03
                rho_Si28        1.131410e-05       1.184512   4.977902e-06
                 rho_S32        1.578151e-07       1.612935   5.159488e-08
                rho_Ar36        1.578187e-07       1.612696   5.160462e-08
                rho_Ca40        1.578188e-07       1.612685   5.160505e-08
                rho_Ti44        1.578188e-07       1.612685   5.160505e-08
                rho_Cr48        1.578188e-07       1.612685   5.160505e-08
                rho_Fe52        1.578188e-07       1.612685   5.160505e-08
                rho_Ni56        1.578188e-07       1.612685   5.160505e-08
                rho_enuc        1.267641e+21       2.047270   3.066950e+20
                pressure        4.094511e+19       2.476432   7.357353e+18
                  kineng        1.423446e+19       1.889363   3.842254e+18
              soundspeed        4.175326e+05       1.767666   1.226224e+05
                 Gamma_1        4.762011e-04       1.757536   1.408379e-04
              MachNumber        1.274461e-03       1.823749   3.600172e-04
                 entropy        6.034678e+05       1.717918   1.834464e+05
                 magvort        1.007156e-01       1.034859   4.915561e-02
                    divu        2.044224e-01       1.214353   8.809916e-02
                  eint_E        3.026666e+14       1.770922   8.868778e+13
                  eint_e        3.026666e+14       1.770922   8.868778e+13
                  logden        1.637734e-03       1.594573   5.422866e-04
              StateErr_0        1.578188e+03       1.612685   5.160505e+02
              StateErr_1        2.911822e+06       1.751043   8.650639e+05
              StateErr_2        1.038505e-03       1.829246   2.922473e-04
                  X(He4)        1.038505e-03       1.829246   2.922473e-04
                  X(C12)        1.036386e-03       1.828847   2.917317e-04
                  X(O16)        1.727219e-06       1.786979   5.005102e-07
                 X(Ne20)        3.760073e-07       1.603865   1.237043e-07
                 X(Mg24)        1.536624e-08       1.431530   5.696843e-09
                 X(Si28)        2.837731e-11       1.185029   1.248079e-11
                  X(S32)        1.580589e-16       1.300089   6.418789e-17
                 X(Ar36)        6.091643e-18       1.859919   1.678197e-18
                 X(Ca40)        1.801416e-18       5.933004   2.948505e-20
                 X(Ti44)        1.892851e-18      10.438781   1.363736e-21
                 X(Cr48)        1.894350e-18      10.041691   1.797257e-21
                 X(Fe52)        1.894365e-18      10.036669   1.803538e-21
                 X(Ni56)        1.894365e-18      10.036411   1.803861e-21
                    abar        3.101504e-03       1.832641   8.707479e-04
              x_velocity        3.361931e+05       2.104406   7.818066e+04
              y_velocity        3.361931e+05       2.104406   7.818065e+04
              z_velocity        0.000000e+00   ------------   0.000000e+00
          t_sound_t_enuc        5.622100e-03       1.009754   2.792108e-03
                    enuc        3.015612e+15       2.031241   7.377532e+14
                  magvel        2.989147e+05       1.654704   9.493614e+04
                  radvel        2.988313e+05       1.654445   9.492672e+04
                 circvel        3.516146e+05       3.149065   3.963729e+04
                  magmom        2.072320e+11       2.154616   4.654284e+10
      angular_momentum_x        0.000000e+00   ------------   0.000000e+00
      angular_momentum_y        0.000000e+00   ------------   0.000000e+00
      angular_momentum_z        2.859707e+18       2.880247   3.884014e+17

Level  L1 norm of Error in Each Component
-----------------------------------------------
level: 0
                 density        6.732946e+17       2.558563   1.142881e+17
                    xmom        1.242756e+26       2.894773   1.670984e+25
                    ymom        1.242756e+26       2.894773   1.670984e+25
                    zmom        0.000000e+00   ------------   0.000000e+00
                   rho_E        4.794714e+34       2.737236   7.190721e+33
                   rho_e        4.517825e+34       2.816926   6.411361e+33
                    Temp        6.890453e+20       2.483905   1.231736e+20
                 rho_He4        7.048090e+17       2.534431   1.216555e+17
                 rho_C12        4.359084e+16       2.235571   9.255956e+15
                 rho_O16        2.069889e+13       1.961889   5.313243e+12
                rho_Ne20        2.519084e+12       1.918108   6.665529e+11
                rho_Mg24        8.206942e+10       1.926447   2.159052e+10
                rho_Si28        1.845534e+08       2.107510   4.282510e+07
                 rho_S32        6.732853e+07       2.558573   1.142857e+07
                rho_Ar36        6.732942e+07       2.558563   1.142880e+07
                rho_Ca40        6.732945e+07       2.558563   1.142881e+07
                rho_Ti44        6.732945e+07       2.558563   1.142881e+07
                rho_Cr48        6.732945e+07       2.558563   1.142881e+07
                rho_Fe52        6.732945e+07       2.558563   1.142881e+07
                rho_Ni56        6.732945e+07       2.558563   1.142881e+07
                rho_enuc        3.541414e+35       2.432337   6.561003e+34
                pressure        2.703824e+34       2.801378   3.878642e+33
                  kineng        7.130940e+33       2.591286   1.183292e+33
              soundspeed        1.134720e+20       2.528806   1.966266e+19
                 Gamma_1        8.477283e+10       2.438720   1.563611e+10
              MachNumber        7.864366e+11       2.681432   1.225948e+11
                 entropy        1.417047e+20       2.437536   2.615850e+19
                 magvort        4.283108e+13       1.452878   1.564584e+13
                    divu        1.287351e+14       1.865430   3.533025e+13
                  eint_E        6.576624e+28       2.495679   1.166081e+28
                  eint_e        6.576624e+28       2.495679   1.166081e+28
                  logden        5.255032e+11       2.512439   9.209920e+10
              StateErr_0        6.732946e+17       2.558563   1.142881e+17
              StateErr_1        6.890453e+20       2.483905   1.231736e+20
              StateErr_2        1.107819e+11       2.172674   2.457133e+10
                  X(He4)        1.107819e+11       2.172674   2.457133e+10
                  X(C12)        1.107247e+11       2.172788   2.455669e+10
                  X(O16)        5.179766e+07       1.957959   1.333232e+07
                 X(Ne20)        6.237173e+06       1.914313   1.654710e+06
                 X(Mg24)        2.026342e+05       1.922303   5.346160e+04
                 X(Si28)        3.134997e+02       1.899170   8.404853e+01
                  X(S32)        2.401057e-03       1.918074   6.353378e-04
                 X(Ar36)        1.093534e-04       2.117066   2.520763e-05
                 X(Ca40)        3.608738e-05       6.461609   4.094654e-07
                 X(Ti44)        3.283780e-05       9.966105   3.283049e-08
                 X(Cr48)        3.285015e-05       9.927320   3.373775e-08
                 X(Fe52)        3.285033e-05       9.927084   3.374346e-08
                 X(Ni56)        3.285033e-05       9.927828   3.372607e-08
                    abar        3.151881e+11       2.167354   7.016673e+10
              x_velocity        2.020752e+20       2.889603   2.726815e+19
              y_velocity        2.020752e+20       2.889603   2.726815e+19
              z_velocity        0.000000e+00   ------------   0.000000e+00
          t_sound_t_enuc        5.294802e+12       0.999111   2.649033e+12
                    enuc        7.300396e+29       2.376267   1.406108e+29
                  magvel        1.853206e+20       2.604904   3.046277e+19
                  radvel        1.853365e+20       2.604731   3.046904e+19
                 circvel        1.914609e+20       3.100439   2.232313e+19
                  magmom        1.204238e+26       2.626886   1.949580e+25
      angular_momentum_x        0.000000e+00   ------------   0.000000e+00
      angular_momentum_y        0.000000e+00   ------------   0.000000e+00
      angular_momentum_z        2.362018e+33       3.033401   2.884952e+32
[The  Pinned Arena] space allocated (MB): 8
[The  Pinned Arena] space used      (MB): 0
AMReX (20.03-159-g1e986786f5b0) finalized
