AMReX (20.03-159-g1e986786f5b0) initialized

Level  L0 norm of Error in Each Component
-----------------------------------------------
level: 0
                 density        4.328939e+03       1.455745   1.578188e+03
                    xmom        8.824785e+11       1.955827   2.274792e+11
                    ymom        8.824785e+11       1.955827   2.274792e+11
                    zmom        0.000000e+00   ------------   0.000000e+00
                   rho_E        4.207232e+20       2.522879   7.320388e+19
                   rho_e        3.811219e+20       2.459417   6.929562e+19
                    Temp        9.221334e+06       1.663053   2.911822e+06
                 rho_He4        5.250342e+03       1.508041   1.845959e+03
                 rho_C12        9.198016e+02       1.626867   2.978232e+02
                 rho_O16        1.392717e+00       1.076151   6.605553e-01
                rho_Ne20        2.023873e-01       0.436809   1.495170e-01
                rho_Mg24        5.778478e-03      -0.094340   6.168972e-03
                rho_Si28        6.287280e-06      -0.847613   1.131410e-05
                 rho_S32        4.328292e-07       1.455563   1.578151e-07
                rho_Ar36        4.328880e-07       1.455726   1.578187e-07
                rho_Ca40        4.328934e-07       1.455742   1.578188e-07
                rho_Ti44        4.328936e-07       1.455743   1.578188e-07
                rho_Cr48        4.328936e-07       1.455743   1.578188e-07
                rho_Fe52        4.328936e-07       1.455743   1.578188e-07
                rho_Ni56        4.328936e-07       1.455743   1.578188e-07
                rho_enuc        3.762191e+21       1.569426   1.267641e+21
                pressure        2.256882e+20       2.462568   4.094511e+19
                  kineng        6.475802e+19       2.185671   1.423446e+19
              soundspeed        1.341266e+06       1.683635   4.175326e+05
                 Gamma_1        1.449469e-03       1.605882   4.762011e-04
              MachNumber        6.615405e-03       2.375942   1.274461e-03
                 entropy        1.797347e+06       1.574520   6.034678e+05
                 magvort        1.630954e-01       0.695430   1.007156e-01
                    divu        9.414599e-01       2.203347   2.044224e-01
                  eint_E        9.455961e+14       1.643495   3.026666e+14
                  eint_e        9.455961e+14       1.643495   3.026666e+14
                  logden        4.481122e-03       1.452159   1.637734e-03
              StateErr_0        4.328939e+03       1.455745   1.578188e+03
              StateErr_1        9.221334e+06       1.663053   2.911822e+06
              StateErr_2        2.987347e-03       1.524357   1.038505e-03
                  X(He4)        2.987347e-03       1.524357   1.038505e-03
                  X(C12)        2.983273e-03       1.525335   1.036386e-03
                  X(O16)        3.559450e-06       1.043203   1.727219e-06
                 X(Ne20)        4.997907e-07       0.410563   3.760073e-07
                 X(Mg24)        1.416561e-08      -0.117372   1.536624e-08
                 X(Si28)        1.657565e-11      -0.775672   2.837731e-11
                  X(S32)        1.606631e-16       0.023577   1.580589e-16
                 X(Ar36)        5.112112e-17       3.069016   6.091643e-18
                 X(Ca40)        5.133299e-17       4.832683   1.801416e-18
                 X(Ti44)        5.145181e-17       4.764589   1.892851e-18
                 X(Cr48)        5.145312e-17       4.763484   1.894350e-18
                 X(Fe52)        5.145313e-17       4.763473   1.894365e-18
                 X(Ni56)        5.145313e-17       4.763472   1.894365e-18
                    abar        8.849964e-03       1.512704   3.101504e-03
              x_velocity        1.887564e+06       2.489164   3.361931e+05
              y_velocity        1.887564e+06       2.489164   3.361931e+05
              z_velocity        0.000000e+00   ------------   0.000000e+00
          t_sound_t_enuc        1.152158e-02       1.035158   5.622100e-03
                    enuc        8.810354e+15       1.546749   3.015612e+15
                  magvel        1.720038e+06       2.524635   2.989147e+05
                  radvel        1.729254e+06       2.532746   2.988313e+05
                 circvel        1.330487e+06       1.919888   3.516146e+05
                  magmom        8.459520e+11       2.029329   2.072320e+11
      angular_momentum_x        0.000000e+00   ------------   0.000000e+00
      angular_momentum_y        0.000000e+00   ------------   0.000000e+00
      angular_momentum_z        1.054243e+19       1.882268   2.859707e+18

Level  L1 norm of Error in Each Component
-----------------------------------------------
level: 0
                 density        2.783672e+18       2.047679   6.732946e+17
                    xmom        6.778545e+26       2.447433   1.242756e+26
                    ymom        6.778545e+26       2.447433   1.242756e+26
                    zmom        0.000000e+00   ------------   0.000000e+00
                   rho_E        2.449458e+35       2.352946   4.794714e+34
                   rho_e        2.256388e+35       2.320315   4.517825e+34
                    Temp        2.231423e+21       1.695293   6.890453e+20
                 rho_He4        2.865715e+18       2.023591   7.048090e+17
                 rho_C12        1.695184e+17       1.959345   4.359084e+16
                 rho_O16        6.606244e+13       1.674277   2.069889e+13
                rho_Ne20        7.202064e+12       1.515511   2.519084e+12
                rho_Mg24        2.058416e+11       1.326618   8.206942e+10
                rho_Si28        5.218177e+08       1.499507   1.845534e+08
                 rho_S32        2.783645e+08       2.047686   6.732853e+07
                rho_Ar36        2.783667e+08       2.047678   6.732942e+07
                rho_Ca40        2.783668e+08       2.047677   6.732945e+07
                rho_Ti44        2.783668e+08       2.047677   6.732945e+07
                rho_Cr48        2.783668e+08       2.047677   6.732945e+07
                rho_Fe52        2.783668e+08       2.047677   6.732945e+07
                rho_Ni56        2.783668e+08       2.047677   6.732945e+07
                rho_enuc        1.345743e+36       1.926006   3.541414e+35
                pressure        1.343787e+35       2.313231   2.703824e+34
                  kineng        3.848612e+34       2.432174   7.130940e+33
              soundspeed        4.184616e+20       1.882759   1.134720e+20
                 Gamma_1        3.082209e+11       1.862291   8.477283e+10
              MachNumber        4.251375e+12       2.434527   7.864366e+11
                 entropy        4.016680e+20       1.503116   1.417047e+20
                 magvort        1.384447e+14       1.692580   4.283108e+13
                    divu        4.695080e+14       1.866744   1.287351e+14
                  eint_E        2.388334e+29       1.860585   6.576624e+28
                  eint_e        2.388334e+29       1.860585   6.576624e+28
                  logden        2.128855e+12       2.018306   5.255032e+11
              StateErr_0        2.783672e+18       2.047679   6.732946e+17
              StateErr_1        2.231423e+21       1.695293   6.890453e+20
              StateErr_2        3.948331e+11       1.833521   1.107819e+11
                  X(He4)        3.948331e+11       1.833521   1.107819e+11
                  X(C12)        3.946555e+11       1.833617   1.107247e+11
                  X(O16)        1.632377e+08       1.656016   5.179766e+07
                 X(Ne20)        1.778995e+07       1.512098   6.237173e+06
                 X(Mg24)        5.085047e+05       1.327383   2.026342e+05
                 X(Si28)        6.656470e+02       1.086293   3.134997e+02
                  X(S32)        9.224467e-03       1.941796   2.401057e-03
                 X(Ar36)        2.857701e-03       4.707785   1.093534e-04
                 X(Ca40)        2.206804e-03       5.934320   3.608738e-05
                 X(Ti44)        2.192734e-03       6.061230   3.283780e-05
                 X(Cr48)        2.192506e-03       6.060537   3.285015e-05
                 X(Fe52)        2.192504e-03       6.060528   3.285033e-05
                 X(Ni56)        2.192504e-03       6.060528   3.285033e-05
                    abar        1.122218e+12       1.832068   3.151881e+11
              x_velocity        1.116762e+21       2.466358   2.020752e+20
              y_velocity        1.116762e+21       2.466358   2.020752e+20
              z_velocity        0.000000e+00   ------------   0.000000e+00
          t_sound_t_enuc        1.054169e+13       0.993458   5.294802e+12
                    enuc        2.512624e+30       1.783148   7.300396e+29
                  magvel        1.028782e+21       2.472843   1.853206e+20
                  radvel        1.028757e+21       2.472683   1.853365e+20
                 circvel        9.449742e+20       2.303225   1.914609e+20
                  magmom        6.623923e+26       2.459565   1.204238e+26
      angular_momentum_x        0.000000e+00   ------------   0.000000e+00
      angular_momentum_y        0.000000e+00   ------------   0.000000e+00
      angular_momentum_z        1.150971e+34       2.284760   2.362018e+33
[The  Pinned Arena] space allocated (MB): 8
[The  Pinned Arena] space used      (MB): 0
AMReX (20.03-159-g1e986786f5b0) finalized
