# time                   burn_weights_iter_1-avg   burn_weights_iter_1-L2    burn_weights_iter_1-max   burn_weights_iter_2-avg   burn_weights_iter_2-L2    burn_weights_iter_2-max   burn_weights_iter_3-avg   burn_weights_iter_3-L2    burn_weights_iter_3-max   
0                                                0                         0                         0                         0                         0                         0                         0                         0                         0 
           0.001022152318              35.04529989               35.05270997                        62               35.04593125               35.05405532                        92                         0                         0                         0 
           0.002003183525              35.24070827               53.44905132                      9567                35.0796108               35.37759129                       997                         0                         0                         0 
           0.003008739762              35.07170519               35.27666971                       801               35.06988277               35.23239649                       699                         0                         0                         0 
           0.004014296274              35.04375241               35.04950834                        53               35.04380495               35.04957756                        53                         0                         0                         0 
           0.005019853301               35.0389599               35.04337883                        51               35.03906496               35.04351474                        53                         0                         0                         0 
           0.006000884965              35.04286339               35.06328924                       290               35.04174324               35.05453327                       220                         0                         0                         0 
           0.007006442748              36.68458067                395.510169                     94189               35.04875617                35.1474397                       652                         0                         0                         0 
           0.008012000776              35.03765039               35.04161104                        77               35.03770285               35.04167866                        77                         0                         0                         0 
           0.009017558867               35.2945937               71.00677445                     14772               35.98250336                229.040908                     54139                         0                         0                         0 
            0.01002311679              35.04084842               35.05830183                       276                35.0409183               35.05861928                       278                         0                         0                         0 
            0.01100414875              35.03790882               35.04088656                        51               35.03810089               35.04110357                        51                         0                         0                         0 
            0.01200970633              35.03755606               35.04028476                        52               35.03760842               35.04034129                        52                         0                         0                         0 
            0.01301526375              35.04044509               35.04338338                        55               35.04044509               35.04336695                        52                         0                         0                         0 
            0.01402082101              35.04167538               35.04756059                       141                35.0412222               35.04580796                       110                         0                         0                         0 
            0.01500185233              35.04395834               35.05086445                       150               35.04388868               35.05087886                       151                         0                         0                         0 
            0.01600740927              35.04314756               35.04659585                        69               35.04307794               35.04646822                        69                         0                         0                         0 
            0.01701296606              35.04492018               35.05130198                       107                35.0448854               35.05126527                       107                         0                         0                         0 
            0.01801852268              35.04322211               35.04714313                        98               35.04316997               35.04710768                        98                         0                         0                         0 
            0.01902407916              35.04434644               35.04785984                        68               35.04420753               35.04770131                        68                         0                         0                         0 
            0.02000510973               35.4660745               106.7767243                     24215               36.42936451               334.0092924                     79748                         0                         0                         0 
            0.02101066591               37.5388469               600.2996748                    143936               36.26182222                294.668213                     70272                         0                         0                         0 
            0.02201622196               35.0454758               35.04946939                       102               35.04542385               35.04941183                       102                         0                         0                         0 
            0.02302177786              35.04609475               35.04945463                        68               35.04616396               35.04953312                        68                         0                         0                         0 
            0.02400280788              35.05382794               35.07919832                       280                35.1349847                40.7727699                      5007                         0                         0                         0 
            0.02500836352              35.04822918                35.0542755                       124               35.04828098                35.0543526                       124                         0                         0                         0 
            0.02601391903              35.05123782               35.06046655                       157               35.05128957               35.06051945                       157                         0                         0                         0 
            0.02701947441              35.20186458                51.0002372                      8924               35.10851471               37.95357606                      3506                         0                         0                         0 
            0.02800050393              35.04988725               35.05615102                       145               35.04978396               35.05603759                       145                         0                         0                         0 
            0.02900605906              35.05131292               35.06040514                       153               35.05146768               35.06078991                       154                         0                         0                         0 
            0.03001161407              35.05516815               35.08410423                       336               35.05920442               35.13833916                       579                         0                         0                         0 
            0.03101716896              35.05462812               35.06659873                       144               35.05449086               35.06624547                       143                         0                         0                         0 
            0.03202272374              35.05340895               35.06427675                       170               35.05328901               35.06409619                       170                         0                         0                         0 
            0.03300375268               35.0502473               35.05404453                        83               35.05045267               35.05427498                        83                         0                         0                         0 
            0.03400930723              35.05403142               35.06429881                       181               35.05411688                35.0651107                       191                         0                         0                         0 
            0.03501486167              35.05199727               35.05618716                        94               35.05199727               35.05618424                        94                         0                         0                         0 
              0.036020416              35.05315467               35.05646265                        67               35.05313763               35.05643469                        67                         0                         0                         0 
            0.03700144451                35.566535               129.4278323                     30195               35.06508785               35.19074986                       746                         0                         0                         0 
            0.03800699863              35.05607032               35.06024257                        96               35.05600231               35.06017371                        96                         0                         0                         0 
            0.03901255264              35.06709677               35.14827916                       588               35.06843803               35.16286024                       627                         0                         0                         0 
            0.04001810654              35.05730076               35.06146177                        87               35.05726686               35.06142019                        87                         0                         0                         0 
            0.04102366035               35.0644921               35.09155287                       314               35.06581241               35.09965476                       294                         0                         0                         0 
            0.04200468835              35.05999189               35.06506271                       100               35.06051591               35.06582895                       100                         0                         0                         0 
            0.04301024195              35.12582904               38.01546679                      3559               35.09295418               35.70748291                      1608                         0                         0                         0 
            0.04401579546              35.06094356               35.06478275                        68               35.06087616                35.0646852                        68                         0                         0                         0 
            0.04502134886              35.06454489               35.06999074                       110               35.06451125               35.06991496                       110                         0                         0                         0 
            0.04600237649              35.97226748               182.1676132                     42119               38.54408479                620.953047                    131113                         0                         0                         0 
             0.0470079297              36.05851777               218.1255961                     52101               35.70256539               159.0344455                     37882                         0                         0                         0 
            0.04801348282              35.14221159               39.56054774                      4473                35.1564545               41.30150611                      5331                         0                         0                         0 
            0.04901903585              35.47451681               104.7168392                     24140               36.22165611               283.3247503                     68787                         0                         0                         0 
            0.05000006311               35.0696344               35.07488463                        88               35.06991794               35.07535087                        86                         0                         0                         0 
            0.05100561595              36.68328866               397.0500686                     96926               35.30605551                67.7419498                     14203                         0                         0                         0 
            0.05201116871               38.6772907               818.2551966                    199810               36.32294194               244.7964318                     56348                         0                         0                         0 
            0.05301672138              38.04664931               516.4608548                     99064               36.05222136               190.6189301                     44787                         0                         0                         0 
            0.05402227395              37.08284925               285.9241602                     42977               40.18309253               747.0531588                    125989                         0                         0                         0 
            0.05500330077              35.67202934               149.4842572                     35753               35.78064815               175.2538011                     42248                         0                         0                         0 
            0.05600885318              35.24724306               53.65096714                      9993                35.0964477               35.29540757                       913                         0                         0                         0 
            0.05701440549              35.08327027                35.0895215                        98               35.08323737               35.08949384                        98                         0                         0                         0 
            0.05801995772               35.3035427               64.72419278                     13423               35.82404702               186.2073914                     45134                         0                         0                         0 
             0.0590009842              36.95868757                344.691618                     74850               36.35657772               256.9625715                     60447                         0                         0                         0 
            0.06000653627               35.1037887               35.28871797                       861                35.1572031               38.92680901                      4157                         0                         0                         0 
            0.06101208825              36.65789903               326.0768272                     78217               36.43010893               281.8846546                     67677                         0                         0                         0 
            0.06201764014              35.09976085               35.16711809                       515               35.09406673               35.11294374                       222                         0                         0                         0 
            0.06302319195              35.59345279               129.1088219                     30840               35.11912877               35.72139255                      1637                         0                         0                         0 
            0.06400421803              37.28553386               546.2101864                    135459               36.46097672               342.0393322                     84552                         0                         0                         0 
            0.06500976969              36.09757516                190.453884                     41905               35.35692477               66.89359552                     13958                         0                         0                         0 
            0.06601532126              39.31735186               918.7205985                    225805               35.94100015               186.0206544                     44861                         0                         0                         0 
            0.06702087275              35.72432476               143.5801461                     34450               35.39483923                79.1711481                     17685                         0                         0                         0 
            0.06800189851              36.32040672                222.807855                     52353                35.6238613               94.73966979                     17184                         0                         0                         0 
            0.06900744985              35.10403737               35.12378411                       281               35.10566895               35.14599451                       425                         0                         0                         0 
             0.0700130011              37.66193318               478.9761406                    107584               46.47164693               1930.176891                    382270                         0                         0                         0 
            0.07101855228              35.53243901               78.99529711                     13347               47.19915342               2093.415995                    452384                         0                         0                         0 
            0.07202410338              35.34997778                 69.096009                     14935               35.14570503                36.0647441                      2050                         0                         0                         0 
            0.07300512876              35.60207037               128.0878634                     30961               35.58011618               122.6155177                     29528                         0                         0                         0 
            0.07401067971              39.52511286               1110.871609                    279469               37.85241658               690.1969579                    173499                         0                         0                         0 
            0.07501623058              35.21927187               42.42238735                      5971               35.12782334               35.20695742                       461                         0                         0                         0 
            0.07602178137              40.96056886                1112.23286                    269474               37.57416884               407.8478233                     86368                         0                         0                         0 
            0.07700280647              40.54743977               699.4092977                    106250               39.86874031               768.9113712                    167905                         0                         0                         0 
            0.07802053431              39.75838224               615.1852905                    101766               38.13481831               386.0088453                     57103                         0                         0                         0 
            0.07901773925              35.72069787               152.0380375                     37492               35.50595303                 100.02247                     23733                         0                         0                         0 
            0.08001879212              35.13534231               35.14614981                       153               35.13433369               35.14317634                       114                         0                         0                         0 
            0.08102181546              36.81874159                337.442978                     80754               37.44169748               483.4154733                    118928                         0                         0                         0 
            0.08200141247               49.0929411                2495.66379                    616967               37.11077346               336.6958875                     61343                         0                         0                         0 
            0.08300612008              36.51918729               251.2139367                     49014               36.55182491               323.4498079                     81364                         0                         0                         0 
            0.08401119293              35.16015697               35.21552076                       375               35.34264823               58.06601003                     11783                         0                         0                         0 
            0.08501643967              38.91894246               725.4146507                    168067               41.16306258               1087.763083                    203510                         0                         0                         0 
            0.08602176398               35.1635131               35.21315674                       347               35.16133455               35.19892326                       278                         0                         0                         0 
            0.08700257594               42.6906548               1183.897081                    270880               42.04947458               1107.863683                    256145                         0                         0                         0 
            0.08800791345              41.31417543                987.525557                    235645                41.9460834               948.3186004                    161082                         0                         0                         0 
            0.08901325492              38.26959342               477.3556573                     84057               45.44592291               1587.289805                    289798                         0                         0                         0 
             0.0900185993              49.62977495               1838.738448                    388175               49.00572769               2031.318441                    452903                         0                         0                         0 
            0.09102394653               39.6652484               775.1296377                    180818               47.57167256               1960.446697                    438141                         0                         0                         0 
            0.09200477608              38.12339669               404.2394695                     74039               39.90249511               749.8272072                    158336                         0                         0                         0 
            0.09301012761              36.75734408               309.1732641                     72370               36.54345466               250.4498545                     51503                         0                         0                         0 
            0.09401548058              36.20971734               264.9375851                     68202               37.55653875               613.6878712                    159138                         0                         0                         0 
            0.09502083478              36.91247342               446.7219793                    115895               35.84916135               166.6313561                     42341                         0                         0                         0 
            0.09600166907              36.48720816                337.322948                     87465               35.83194798               168.1458472                     42866                         0                         0                         0 
            0.09700702481              45.01534403               1654.932379                    349098               36.68768227               235.6402631                     47055                         0                         0                         0 
            0.09801238111              53.03718248               3259.954264                    807419               38.90918248               449.8680659                     68313                         0                         0                         0 
            0.09901773797              36.28981165                286.251042                     74488               38.79042979               940.2250992                    246365                         0                         0                         0 
                      0.1              35.00499681               35.00567067                        48               35.00496785               35.00563881                        48                         0                         0                         0 
