# time                   burn_weights_firsthalf-avg burn_weights_firsthalf-L2 burn_weights_firsthalf-max burn_weights_secondhalf-avg burn_weights_secondhalf-L2 burn_weights_secondhalf-max 
0                                                0                         0                         0                         0                         0                         0 
           0.001022152318              35.03384837               35.06605648                       376               35.03549694               35.04228717                       138 
           0.002003183525              35.03110098               35.03693853                       130               35.03902525               35.04459541                        54 
           0.003008739762              35.02887834               35.03215794                        54               35.04498221               35.05187422                        57 
           0.004014296275              35.02788628               35.03052097                        54               35.04941407               35.05688968                        56 
           0.005019853302              35.03072963               35.03627269                       141               35.06634449               35.11762778                       364 
           0.006000884966              35.03101698               35.03556494                       128               35.07917031               35.27611647                       729 
           0.007006442749              35.02839746               35.03057746                        52               35.06515843               35.11201583                       433 
           0.008012000778              35.02987111               35.03213491                        53               35.19645324               46.09240125                      7141 
           0.009017558869              35.03131064               35.03368425                        56               35.39422388               65.89651835                      9879 
            0.01002311679               35.0315394               35.03372704                        55               35.08044732               35.14244944                       366 
            0.01100414875              35.03136789               35.03358137                        55               35.09345745               35.33470547                       798 
            0.01200970633              35.03154624               35.03373988                        55               35.47059234               86.10727063                     18546 
            0.01301526375              35.03245394               35.03485741                        55               35.34561697               62.62827568                     12171 
            0.01402082101              35.03339437               35.03921747                       153               35.12313192               35.88862748                      1322 
            0.01500185232              35.03275117                35.0351849                        50               35.14784215                37.0410548                      2301 
            0.01600740926              35.03428213               35.03704024                        59               35.18989304               37.35171521                      1774 
            0.01701296604              35.03715052               35.03975817                        50               35.21900352               47.92694359                      7818 
            0.01801852267              35.04119694               35.05213187                       217               35.50347947               73.89889249                     11134 
            0.01902407914              36.42738416                334.855282                     79865               35.85704599               105.3102296                     18417 
            0.02000510971               35.0405997               35.04366305                        55               35.22837983               39.60700897                      3500 
            0.02101066589              35.03977845               35.04251854                        64               35.26881272               40.98391751                      3593 
            0.02201622193              35.04285293                35.0480832                       126               36.40286958               137.4442005                     22315 
            0.02302177784              35.04434351                35.0494057                       121               35.37822002               43.48618272                      3237 
            0.02400280786              35.04448371               35.04831917                        91               35.36111833               41.39818303                      2690 
            0.02500836349              35.04605479               35.04994323                        85               35.37652088               43.98229262                      3371 
              0.026013919               35.0461847               35.05015513                        90               35.70283402               87.25936476                     17946 
            0.02701947438              35.04480036               35.04803259                        60               35.45049154               50.28316353                      6688 
            0.02800050389              35.04621943               35.04938144                        55               35.83367564               94.54813084                     19623 
            0.02900605903              35.04688659               35.04999004                        52               35.76304944               99.27202886                     21743 
            0.03001161404              35.04906369               35.05359334                       112               35.49938843               49.73801105                      5394 
            0.03101716893              35.06787595               35.32031076                      1044               35.63014147               48.06424129                      3564 
             0.0320227237              35.05398157               35.06679825                       232               37.05441136               191.9254942                     30492 
            0.03300375264              35.05409397               35.06102955                       150               35.75321129               57.54487294                      6587 
            0.03400930719              35.05238152               35.05610211                        61               35.48973466               45.69454855                      4813 
            0.03501486163              35.05245845               35.05585352                        60               36.13895837               107.7519659                     17921 
            0.03602041596                35.059196               35.07703042                       266               35.70439649               70.42242569                     12966 
            0.03700144446              35.06198411               35.07580979                       221               35.92839443                71.9795662                      9093 
            0.03800699858              35.06013755               35.06462939                        64               36.23706889               137.9572457                     23233 
            0.03901255259              35.06039639               35.06473042                        64               35.99120639               99.88281909                     20232 
            0.04001810649              35.06127451               35.06510926                        56               36.62094907               178.8313551                     35874 
            0.04102366029              35.06308419               35.06754833                        86               35.85999796               80.26929603                     14059 
            0.04200468829              35.07614506               35.08924787                       176               36.40268468               115.2944587                     19311 
             0.0430102419              35.06971032               35.07576732                       113               36.21580552               129.0773178                     26253 
             0.0440157954              35.06883488               35.07400443                        72               35.66463714               58.78403774                      9789 
             0.0450213488              35.06994967               35.07494016                        80               36.02747661               86.60535727                     15972 
            0.04600237642              35.07640681               35.08524214                       143               36.33031483               123.0347802                     20200 
            0.04700792964              35.08630441               35.10945343                       262               37.68210282               355.3603228                     81311 
            0.04801348276                35.125021               36.29169441                      2232               36.70786989               160.1685605                     24854 
            0.04901903579              35.08422642               35.09993902                       198               36.53464151               113.9351617                     17724 
            0.05000006304               35.0861763               35.09567377                       146               37.56612207               197.4169858                     27374 
            0.05100561589              35.08849232                35.0990861                       110               37.73487393               229.2015911                     44540 
            0.05201116864               35.2345644               48.75885367                      8282               37.32827011               193.9022893                     32441 
            0.05301672131              35.09811949               35.13380268                       297               38.44962556               308.5290707                     62125 
            0.05402227388              35.12052215               35.51872265                      1279               40.99971767               480.4621504                     71174 
             0.0550033007              35.10646867                 35.182057                       563               38.94920198                307.954453                     41587 
             0.0560088531              35.15098895               36.91427219                      2769               39.71528742               366.9237951                     63890 
            0.05701440542              35.10215364               35.11778279                       210               40.31334269               301.7583605                     36420 
            0.05801995765              35.39347339               78.14864795                     17203               39.83844837                287.682366                     34453 
            0.05900098413              35.11107278                 35.135194                       255               42.69828677               433.8136832                     59520 
            0.06000653619              37.09265207               254.3970556                     53106                47.7105565               775.4543257                    112885 
            0.06101208817              36.09348743               220.0222975                     53374               48.14306732               766.5773978                     96086 
            0.06201764006              35.29415122               54.41477449                     10284               48.62578878               859.6340247                    135385 
            0.06302319187              36.14208104               251.5502028                     61752               52.21892028               907.9938985                    116969 
            0.06400421795              36.57410081               313.7562611                     76802               53.26022486               984.3886571                    127156 
             0.0650097696              38.00648794                409.186632                     68325               54.32988173               956.4513544                     98304 
            0.06600909249              39.95228336               699.9428671                    159191               59.15759238               1105.177215                    104844 
            0.06700300747              39.68426473               534.4872982                    107118               65.17238161               1436.999661                    157859 
            0.06800278551              39.93418371               655.9993262                    141611               64.72433213               1354.635832                    141011 
            0.06900515367               40.2089705               650.4157857                    130592               66.07242946               1560.723516                    217427 
            0.07000890417              41.28750738               548.8296331                     63922               56.86982664                886.812953                    115776 
            0.07102309592              42.22728646               676.5408365                     99551               62.20884537               1232.186519                    139062 
            0.07201825913              45.29645653               927.3204825                    153645               67.46434344               1380.175307                    145221 
            0.07300345189              44.08118652               1270.985443                    294742               65.06120579               1230.722728                    113592 
            0.07401834822              41.71132868                658.141172                    116021               72.24883124               1442.626701                    123370 
             0.0750091167              42.21986572               570.1090323                     77638               74.71792056               1572.931284                    144816 
            0.07600006042              50.73324162               1010.390833                    120802               72.38550525               1410.721317                    131834 
            0.07702334402               42.9653948               733.8468359                    146881               70.82127394               1271.256148                     82068 
            0.07800098644              52.24831257                1195.26016                    178614               70.59565224               1522.350492                    179756 
            0.07901712498              49.09764279               851.5288888                     98057               88.15273205               2055.025043                    169912 
            0.08001586415              53.08720957               1168.475424                    129262               90.90432199               2076.324932                    223452 
            0.08100888201              61.83076475               1479.434159                    173906               84.61718115               1943.934366                    184578 
            0.08200611167              50.88402389               1063.869556                    121679               81.17808763               1600.525801                    123419 
            0.08300754745              49.37650566               987.3002746                    125416               92.48372673               2093.729921                    167353 
            0.08401103902              55.93804131               1335.280048                    164543               90.75582945               2006.357944                    171812 
            0.08500481642              71.31745529               2065.350913                    180912               99.51616454                2186.64942                    177338 
            0.08600216814              58.19602162               1327.430649                    181536               100.0866837                2268.81916                    186046 
            0.08700014695              67.37341044               1996.496862                    212771               117.1921818               2847.766224                    246481 
            0.08801197626              77.67878923               2432.011387                    304908               104.5701473               2478.151588                    228694 
            0.08900982019              63.51999763               1672.339489                    184965               119.6236419               2978.720679                    305615 
            0.09000451335              66.78411735               1693.189738                    162948               126.9587322                3473.39381                    304848 
            0.09100491761              85.01792362                2644.10607                    253272               127.9216227                3837.58708                    454082 
             0.0920077186              56.66143753               1235.317378                    117682                88.4330952                1893.07315                    148715 
             0.0930083142              89.77246959               3086.108763                    336269               111.5899436               2807.652619                    298911 
            0.09401516208              93.49081338               3825.587693                    600860               125.4061148               3329.774768                    309670 
            0.09502053685              94.20555293               3175.466514                    335214               176.5079235                5505.39208                    581644 
             0.0960211197              92.10434696               3322.585432                    567163               165.3584352               5413.114716                    772906 
            0.09701554065              78.36854563               2586.401696                    309160               179.5608975                5512.38905                    507966 
            0.09801042093              82.43207911               2742.130935                    299100               145.0890726               4218.305322                    412411 
            0.09901854901              108.3997004               4079.008756                    392176               196.9639537               6099.541376                    503487 
                      0.1              119.7853775               5031.411212                    704085               172.7325182               5597.386837                    542914 
