# 1-d slice in y-direction, file: flame_wave_smallplt00000
# time =        0.00000000000    
#                       y                  density                     Temp  
        10.0000000000            35768864.2115            100159845.171      
        30.0000000000            35218226.2041            100160778.480      
        50.0000000000            34672900.0880            100161539.111      
        70.0000000000            34132863.4032            100162410.748      
        90.0000000000            33598092.2616            100163334.815      
        110.000000000            33068561.9332            100164261.450      
        130.000000000            32544247.8467            100165148.805      
        150.000000000            32025126.3801            100165962.390      
        170.000000000            31511174.9307            100166966.219      
        190.000000000            31002369.3418            100167753.628      
        210.000000000            30498686.9807            100168678.250      
        230.000000000            30000104.2919            100169670.702      
        250.000000000            29506596.6507            100170672.228      
        270.000000000            29018139.4832            100171633.798      
        290.000000000            28534709.1466            100172515.283      
        310.000000000            28056282.9999            100173582.419      
        330.000000000            27582837.0130            100174451.304      
        350.000000000            27114348.5749            100175462.879      
        370.000000000            26650793.9775            100176538.922      
        390.000000000            26192148.5903            100177613.816      
        410.000000000            25738388.0302            100178633.432      
        430.000000000            25289489.0679            100179554.117      
        450.000000000            24845428.7073            100180692.181      
        470.000000000            24406183.3380            100181704.084      
        490.000000000            23971730.2034            100182835.220      
        510.000000000            23542045.0876            100184002.185      
        530.000000000            23117103.4164            100185136.086      
        550.000000000            22696881.3865            100186181.200      
        570.000000000            22281356.3148            100187397.142      
        590.000000000            21870504.4685            100188427.258      
        610.000000000            21464303.1847            100189620.213      
        630.000000000            21062728.6684            100190875.041      
        650.000000000            20665756.3896            100192108.650      
        670.000000000            20273362.3937            100193254.119      
        690.000000000            19885523.9433            100194560.045      
        710.000000000            19502217.5018            100195661.556      
        730.000000000            19123420.3472            100196945.965      
        750.000000000            18749108.7759            100198296.969      
        770.000000000            18379258.3398            100199619.710      
        790.000000000            18013845.2626            100200838.675      
        810.000000000            17652846.8505            100202217.750      
        830.000000000            17296239.6460            100203463.401      
        850.000000000            16944000.9682            100204876.162      
        870.000000000            16596106.8400            100206329.156      
        890.000000000            16252532.9840            100207720.547      
        910.000000000            15913256.2081            100209042.162      
        930.000000000            15578253.5644            100210478.263      
        950.000000000            15247502.0960            100211928.715      
        970.000000000            14920978.6167            100213485.420      
        990.000000000            14598658.8864            100215018.659      
        1010.00000000            14280519.2595            100216427.043      
        1030.00000000            13966537.0726            100217998.639      
        1050.00000000            13656689.2109            100219503.506      
        1070.00000000            13350952.8826            100221163.197      
        1090.00000000            13049304.0483            100222821.055      
        1110.00000000            12751718.9867            100224355.280      
        1130.00000000            12458175.0791            100226029.880      
        1150.00000000            12168649.3352            100227642.865      
        1170.00000000            11883119.0344            100229424.571      
        1190.00000000            11601560.2544            100231195.839      
        1210.00000000            11323949.5062            100232819.279      
        1230.00000000            11050264.2235            100234618.333      
        1250.00000000            10780481.6606            100236408.414      
        1270.00000000            10514578.9258            100238329.974      
        1290.00000000            10252532.1749            100240190.245      
        1310.00000000            9994318.47319            100242103.267      
        1330.00000000            9739915.26447            100243873.030      
        1350.00000000            9489300.07847            100245883.606      
        1370.00000000            9242449.56073            100247926.293      
        1390.00000000            8999340.34163            100249808.687      
        1410.00000000            8759950.05354            100251853.487      
        1430.00000000            8524256.29317            100253935.305      
        1450.00000000            8292236.27639            100256129.876      
        1470.00000000            8063866.59758            100258195.606      
        1490.00000000            7839124.93714            100260350.259      
        1510.00000000            7617989.04138            100262534.784      
        1530.00000000            7400436.44683            100264875.045      
        1550.00000000            7186443.94319            100267084.933      
        1570.00000000            6975989.35743            100269375.988      
        1590.00000000            6769050.66912            100271729.421      
        1610.00000000            6565605.52432            100274217.233      
        1630.00000000            6365631.05084            100276525.596      
        1650.00000000            6169105.36654            100278995.644      
        1670.00000000            5976006.73893            100281579.069      
        1690.00000000            5786312.74647            100284188.841      
        1710.00000000            5600001.12252            100286796.635      
        1730.00000000            5417050.38373            100289327.471      
        1750.00000000            5237438.89265            100292133.268      
        1770.00000000            5061144.34108            100294764.869      
        1790.00000000            4888145.32171            100297539.740      
        1810.00000000            4718420.68896            100300471.564      
        1830.00000000            4551948.58902            100303349.464      
        1850.00000000            4388707.68587            100306228.678      
        1870.00000000            4228677.20005            100309275.392      
        1890.00000000            4071835.82931            100312351.878      
        1910.00000000            3918162.49144            100315384.542      
        1925.00000000            3804876.38399            100000000.000      
        1935.00000000            3729901.25302            100000000.000      
        1945.00000000            3655627.91231            100000000.000      
        1955.00000000            3581468.98216            100000000.000      
        1965.00000000            3506704.55166            100000000.000      
        1975.00000000            3430000.00000            100000000.000      
        1985.00000000            3342423.90234            123382072.951      
        1995.00000000            3246078.36122            150915439.636      
        2005.00000000            3127459.54003            208124505.442      
        2015.00000000            2959527.16897            318376099.326      
        2025.00000000            2686485.72766            503033174.534      
        2035.00000000            2285865.55396            750000000.000      
        2045.00000000            1874265.89458            996966825.466      
        2055.00000000            1578865.02461            1181623900.67      
        2065.00000000            1406667.16316            1291875494.56      
        2075.00000000            1312503.97525            1349084560.36      
        2085.00000000            1258961.63399            1376617927.05      
        2095.00000000            1224918.27372            1389388657.50      
        2105.00000000            1199955.92049            1395210488.13      
        2115.00000000            1190118.14988            1386216587.27      
        2125.00000000            1179182.17898            1378780262.87      
        2135.00000000            1167789.86545            1372042592.37      
        2145.00000000            1156377.48809            1365405140.86      
        2155.00000000            1144694.68286            1359229747.23      
        2165.00000000            1133076.66373            1353048592.57      
        2175.00000000            1121523.35603            1346861659.77      
        2185.00000000            1110034.61598            1340668894.51      
        2195.00000000            1098610.35990            1334470274.13      
        2205.00000000            1087250.50989            1328265779.30      
        2215.00000000            1075954.96435            1322055377.73      
        2225.00000000            1064723.60744            1315839028.72      
        2235.00000000            1053556.31733            1309616687.36      
        2245.00000000            1042452.97318            1303388308.26      
        2255.00000000            1031413.46118            1297153848.90      
        2265.00000000            1020437.67947            1290913272.58      
        2275.00000000            1009525.54229            1284666551.04      
        2285.00000000            998676.975390            1278413662.16      
        2295.00000000            987891.837825            1272154544.31      
        2305.00000000            977170.054079            1265889172.24      
        2315.00000000            966511.545596            1259617518.26      
        2325.00000000            955916.207500            1253339543.35      
        2335.00000000            945383.919710            1247055202.10      
        2345.00000000            934914.561683            1240764440.98      
        2355.00000000            924508.016155            1234467207.68      
        2365.00000000            914164.175554            1228163455.18      
        2375.00000000            903882.947302            1221853145.31      
        2385.00000000            893664.258077            1215536251.84      
        2395.00000000            883507.995205            1209212724.29      
        2405.00000000            873414.050773            1202882514.27      
        2415.00000000            863382.356335            1196545598.07      
        2425.00000000            853412.813760            1190201933.31      
        2435.00000000            843505.307900            1183851466.03      
        2445.00000000            833659.717464            1177494137.18      
        2455.00000000            823875.924203            1171129888.31      
        2465.00000000            814153.820550            1164758666.63      
        2475.00000000            804493.315852            1158380429.44      
        2485.00000000            794894.340045            1151995147.11      
        2495.00000000            785356.769185            1145602753.26      
        2505.00000000            775880.516984            1139203204.97      
        2515.00000000            766465.509821            1132796467.08      
        2525.00000000            757111.645893            1126382484.05      
        2535.00000000            747818.809081            1119961188.97      
        2545.00000000            738586.877145            1113532516.60      
        2555.00000000            729415.737246            1107096402.24      
        2565.00000000            720305.292890            1100652789.38      
        2575.00000000            711255.469142            1094201636.65      
        2585.00000000            702266.174198            1087742890.73      
        2595.00000000            693337.293996            1081276481.44      
        2605.00000000            684468.764980            1074802374.80      
        2615.00000000            675660.490377            1068320512.63      
        2625.00000000            666912.354906            1061830822.02      
        2635.00000000            658224.239030            1055333225.26      
        2645.00000000            649596.030734            1048827648.49      
        2655.00000000            641027.635060            1042314029.23      
        2665.00000000            632518.981618            1035792322.84      
        2675.00000000            624069.966806            1029262458.49      
        2685.00000000            615680.496732            1022724370.86      
        2695.00000000            607350.502974            1016178013.50      
        2705.00000000            599079.883818            1009623312.44      
        2715.00000000            590868.523122            1003060179.61      
        2725.00000000            582716.305359            996488525.660      
        2735.00000000            574623.125923            989908274.081      
        2745.00000000            566588.905740            983319362.562      
        2755.00000000            558613.571070            976721732.216      
        2765.00000000            550697.007019            970115289.234      
        2775.00000000            542839.154112            963499985.330      
        2785.00000000            535039.918579            956875743.306      
        2795.00000000            527299.186009            950242466.877      
        2805.00000000            519616.840325            943600056.015      
        2815.00000000            511992.779067            936948420.194      
        2825.00000000            504426.925380            930287489.704      
        2835.00000000            496919.203350            923617194.925      
        2845.00000000            489469.507085            916937437.700      
        2855.00000000            482077.776987            910248159.801      
        2865.00000000            474743.915544            903549267.293      
        2875.00000000            467467.808230            896840647.452      
        2885.00000000            460249.344598            890122187.415      
        2895.00000000            453088.432922            883393793.944      
        2905.00000000            445985.011202            876655398.840      
        2915.00000000            438938.974395            869906889.708      
        2925.00000000            431950.259808            863148193.419      
        2935.00000000            425018.786200            856379218.877      
        2945.00000000            418144.443278            849599844.835      
        2955.00000000            411327.118420            842809944.654      
        2965.00000000            404566.717710            836009407.381      
        2975.00000000            397863.179886            829198153.322      
        2985.00000000            391216.407484            822376064.648      
        2995.00000000            384626.337414            815543056.325      
        3005.00000000            378092.890952            808699025.772      
        3015.00000000            371615.959053            801843835.186      
        3025.00000000            365195.433409            794977342.477      
        3035.00000000            358831.229400            788099429.714      
        3045.00000000            352523.288417            781210007.216      
        3055.00000000            346271.515411            774308939.917      
        3065.00000000            340075.857899            767396138.634      
        3075.00000000            333936.222702            760471468.112      
        3085.00000000            327852.499315            753534770.029      
        3095.00000000            321824.592525            746585899.304      
        3105.00000000            315852.444501            739624751.428      
        3115.00000000            309935.969546            732651187.630      
        3125.00000000            304075.113056            725665102.866      
        3135.00000000            298269.794741            718666359.328      
        3145.00000000            292519.907577            711654781.606      
        3155.00000000            286825.357969            704630204.778      
        3165.00000000            281186.090654            697592512.644      
        3175.00000000            275602.026147            690541552.345      
        3185.00000000            270073.116021            683477207.738      
        3195.00000000            264599.277500            676399318.036      
        3205.00000000            259180.406060            669307689.754      
        3215.00000000            253816.420942            662202155.028      
        3225.00000000            248507.273581            655082585.698      
        3235.00000000            243252.892495            647948819.861      
        3245.00000000            238053.228542            640800722.398      
        3255.00000000            232908.186072            633638088.710      
        3265.00000000            227817.674601            626460713.991      
        3275.00000000            222781.646484            619268453.271      
        3285.00000000            217800.037363            612061129.580      
        3295.00000000            212872.808305            604838600.969      
        3305.00000000            207999.874104            597600655.530      
        3315.00000000            203181.145324            590347067.770      
        3325.00000000            198416.578323            583077675.072      
        3335.00000000            193706.117435            575792292.430      
        3345.00000000            189049.728374            568490762.648      
        3355.00000000            184447.328940            561172845.818      
        3365.00000000            179898.842472            553838305.882      
        3375.00000000            175404.237552            546486970.313      
        3385.00000000            170963.472321            539118644.599      
        3395.00000000            166576.505660            531733133.934      
        3405.00000000            162243.254848            524330166.472      
        3415.00000000            157963.678735            516909531.129      
        3425.00000000            153737.744728            509471024.690      
        3435.00000000            149565.433691            502014459.466      
        3445.00000000            145446.676996            494539552.955      
        3455.00000000            141381.428586            487046052.662      
        3465.00000000            137369.671371            479533747.470      
        3475.00000000            133411.394899            472002437.713      
        3485.00000000            129506.543506            464451831.302      
        3495.00000000            125655.082151            456881660.614      
        3505.00000000            121857.005529            449291703.458      
        3515.00000000            118112.314965            441681741.300      
        3525.00000000            114420.961743            434051447.541      
        3535.00000000            110782.939912            426400560.710      
        3545.00000000            107198.261756            418728854.471      
        3555.00000000            103666.923666            411036061.943      
        3565.00000000            100188.900098            403321847.800      
        3575.00000000            96764.2180084            395585969.596      
        3585.00000000            93392.9069814            387828186.387      
        3595.00000000            90074.9526219            380048132.068      
        3605.00000000            86810.3912947            372245543.493      
        3615.00000000            83599.2728270            364420181.183      
        3625.00000000            80441.6066200            356571682.545      
        3635.00000000            77337.4450068            348699757.577      
        3645.00000000            74286.8621475            340804158.027      
        3655.00000000            71289.8913060            332884503.715      
        3665.00000000            68346.6136655            324940518.979      
        3675.00000000            65457.1241460            316971937.574      
        3685.00000000            62621.4865156            308978365.383      
        3695.00000000            59839.8260582            300959545.726      
        3705.00000000            57112.2512881            292915148.343      
        3715.00000000            54438.8825587            284844837.943      
        3725.00000000            51819.8837610            276748354.935      
        3735.00000000            49255.3893456            268625298.485      
        3745.00000000            46745.6018669            260475430.776      
        3755.00000000            44290.6962110            252298377.845      
        3765.00000000            41890.9069446            244093871.852      
        3775.00000000            39546.4641430            235861558.258      
        3785.00000000            37257.6442087            227601169.721      
        3795.00000000            35024.7320800            219312365.876      
        3805.00000000            32848.0686809            210994886.137      
        3815.00000000            30728.0012430            202648386.383      
        3825.00000000            28664.9474868            194272643.229      
        3835.00000000            26659.3440834            185867324.253      
        3845.00000000            24711.6904280            177432183.366      
        3855.00000000            22822.5459166            168966975.416      
        3865.00000000            20992.5243321            160471426.233      
        3875.00000000            19222.3201620            151945306.097      
        3885.00000000            17512.7192457            143388407.267      
        3895.00000000            15864.6006917            134800517.006      
        3905.00000000            14278.9636119            126181426.624      
        3915.00000000            12756.9479984            117530951.991      
        3925.00000000            11299.8607199            108848910.753      
        3935.00000000            9909.21253590            100135110.253      
        3945.00000000            8586.76284449            91389344.5519      
        3955.00000000            7334.58359239            82611362.0833      
        3965.00000000            6155.13944011            73800775.1070      
        3975.00000000            5051.41899612            64957038.7059      
        3985.00000000            4027.10081192            56079164.9310      
        3995.00000000            3086.83476271            47165346.0528      
        4010.00000000            1860.81702583            34694301.4320      
        4030.00000000            588.078695766            17678585.3323      
        4050.00000000           0.100000000000E-03        8000000.00000      
        4070.00000000           0.100000000000E-03        8000000.00000      
        4090.00000000           0.100000000000E-03        8000000.00000      
        4110.00000000           0.100000000000E-03        8000000.00000      
        4130.00000000           0.100000000000E-03        8000000.00000      
        4150.00000000           0.100000000000E-03        8000000.00000      
        4180.00000000           0.100000000000E-03        8000000.00000      
        4220.00000000           0.100000000000E-03        8000000.00000      
        4260.00000000           0.100000000000E-03        8000000.00000      
        4300.00000000           0.100000000000E-03        8000000.00000      
        4340.00000000           0.100000000000E-03        8000000.00000      
        4380.00000000           0.100000000000E-03        8000000.00000      
        4420.00000000           0.100000000000E-03        8000000.00000      
        4460.00000000           0.100000000000E-03        8000000.00000      
        4500.00000000           0.100000000000E-03        8000000.00000      
        4540.00000000           0.100000000000E-03        8000000.00000      
        4580.00000000           0.100000000000E-03        8000000.00000      
        4620.00000000           0.100000000000E-03        8000000.00000      
        4660.00000000           0.100000000000E-03        8000000.00000      
        4700.00000000           0.100000000000E-03        8000000.00000      
        4740.00000000           0.100000000000E-03        8000000.00000      
        4780.00000000           0.100000000000E-03        8000000.00000      
        4820.00000000           0.100000000000E-03        8000000.00000      
        4860.00000000           0.100000000000E-03        8000000.00000      
        4900.00000000           0.100000000000E-03        8000000.00000      
        4940.00000000           0.100000000000E-03        8000000.00000      
        4980.00000000           0.100000000000E-03        8000000.00000      
        5020.00000000           0.100000000000E-03        8000000.00000      
        5060.00000000           0.100000000000E-03        8000000.00000      
        5100.00000000           0.100000000000E-03        8000000.00000      
        5200.00000000           0.100000000000E-03        8000000.00000      
        5360.00000000           0.100000000000E-03        8000000.00000      
        5520.00000000           0.100000000000E-03        8000000.00000      
        5680.00000000           0.100000000000E-03        8000000.00000      
        5840.00000000           0.100000000000E-03        8000000.00000      
        6000.00000000           0.100000000000E-03        8000000.00000      
        6160.00000000           0.100000000000E-03        8000000.00000      
        6320.00000000           0.100000000000E-03        8000000.00000      
        6480.00000000           0.100000000000E-03        8000000.00000      
        6640.00000000           0.100000000000E-03        8000000.00000      
        6800.00000000           0.100000000000E-03        8000000.00000      
        6960.00000000           0.100000000000E-03        8000000.00000      
        7120.00000000           0.100000000000E-03        8000000.00000      
        7280.00000000           0.100000000000E-03        8000000.00000      
        7440.00000000           0.100000000000E-03        8000000.00000      
        7600.00000000           0.100000000000E-03        8000000.00000      
        7760.00000000           0.100000000000E-03        8000000.00000      
        7920.00000000           0.100000000000E-03        8000000.00000      
        8080.00000000           0.100000000000E-03        8000000.00000      
        8240.00000000           0.100000000000E-03        8000000.00000      
        8400.00000000           0.100000000000E-03        8000000.00000      
        8560.00000000           0.100000000000E-03        8000000.00000      
        8720.00000000           0.100000000000E-03        8000000.00000      
        8880.00000000           0.100000000000E-03        8000000.00000      
        9040.00000000           0.100000000000E-03        8000000.00000      
        9200.00000000           0.100000000000E-03        8000000.00000      
        9360.00000000           0.100000000000E-03        8000000.00000      
        9520.00000000           0.100000000000E-03        8000000.00000      
        9680.00000000           0.100000000000E-03        8000000.00000      
        9840.00000000           0.100000000000E-03        8000000.00000      
        10000.0000000           0.100000000000E-03        8000000.00000      
        10160.0000000           0.100000000000E-03        8000000.00000      
        10320.0000000           0.100000000000E-03        8000000.00000      
        10480.0000000           0.100000000000E-03        8000000.00000      
        10640.0000000           0.100000000000E-03        8000000.00000      
        10800.0000000           0.100000000000E-03        8000000.00000      
        10960.0000000           0.100000000000E-03        8000000.00000      
        11120.0000000           0.100000000000E-03        8000000.00000      
        11280.0000000           0.100000000000E-03        8000000.00000      
        11440.0000000           0.100000000000E-03        8000000.00000      
        11600.0000000           0.100000000000E-03        8000000.00000      
        11760.0000000           0.100000000000E-03        8000000.00000      
        11920.0000000           0.100000000000E-03        8000000.00000      
        12080.0000000           0.100000000000E-03        8000000.00000      
        12240.0000000           0.100000000000E-03        8000000.00000      
        12400.0000000           0.100000000000E-03        8000000.00000      
        12560.0000000           0.100000000000E-03        8000000.00000      
        12720.0000000           0.100000000000E-03        8000000.00000      
        12880.0000000           0.100000000000E-03        8000000.00000      
        13040.0000000           0.100000000000E-03        8000000.00000      
        13200.0000000           0.100000000000E-03        8000000.00000      
        13360.0000000           0.100000000000E-03        8000000.00000      
        13520.0000000           0.100000000000E-03        8000000.00000      
        13680.0000000           0.100000000000E-03        8000000.00000      
        13840.0000000           0.100000000000E-03        8000000.00000      
        14000.0000000           0.100000000000E-03        8000000.00000      
        14160.0000000           0.100000000000E-03        8000000.00000      
        14320.0000000           0.100000000000E-03        8000000.00000      
        14480.0000000           0.100000000000E-03        8000000.00000      
        14640.0000000           0.100000000000E-03        8000000.00000      
        14800.0000000           0.100000000000E-03        8000000.00000      
        14960.0000000           0.100000000000E-03        8000000.00000      
        15120.0000000           0.100000000000E-03        8000000.00000      
        15280.0000000           0.100000000000E-03        8000000.00000      
        15440.0000000           0.100000000000E-03        8000000.00000      
        15600.0000000           0.100000000000E-03        8000000.00000      
        15760.0000000           0.100000000000E-03        8000000.00000      
        15920.0000000           0.100000000000E-03        8000000.00000      
        16080.0000000           0.100000000000E-03        8000000.00000      
        16240.0000000           0.100000000000E-03        8000000.00000      
        16400.0000000           0.100000000000E-03        8000000.00000      
        16560.0000000           0.100000000000E-03        8000000.00000      
        16720.0000000           0.100000000000E-03        8000000.00000      
        16880.0000000           0.100000000000E-03        8000000.00000      
        17040.0000000           0.100000000000E-03        8000000.00000      
        17200.0000000           0.100000000000E-03        8000000.00000      
        17360.0000000           0.100000000000E-03        8000000.00000      
        17520.0000000           0.100000000000E-03        8000000.00000      
        17680.0000000           0.100000000000E-03        8000000.00000      
        17840.0000000           0.100000000000E-03        8000000.00000      
        18000.0000000           0.100000000000E-03        8000000.00000      
        18160.0000000           0.100000000000E-03        8000000.00000      
        18320.0000000           0.100000000000E-03        8000000.00000      
        18480.0000000           0.100000000000E-03        8000000.00000      
        18640.0000000           0.100000000000E-03        8000000.00000      
        18800.0000000           0.100000000000E-03        8000000.00000      
        18960.0000000           0.100000000000E-03        8000000.00000      
        19120.0000000           0.100000000000E-03        8000000.00000      
        19280.0000000           0.100000000000E-03        8000000.00000      
        19440.0000000           0.100000000000E-03        8000000.00000      
        19600.0000000           0.100000000000E-03        8000000.00000      
        19760.0000000           0.100000000000E-03        8000000.00000      
        19920.0000000           0.100000000000E-03        8000000.00000      
        20080.0000000           0.100000000000E-03        8000000.00000      
        20240.0000000           0.100000000000E-03        8000000.00000      
        20400.0000000           0.100000000000E-03        8000000.00000      
        20560.0000000           0.100000000000E-03        8000000.00000      
        20720.0000000           0.100000000000E-03        8000000.00000      
        20880.0000000           0.100000000000E-03        8000000.00000      
        21040.0000000           0.100000000000E-03        8000000.00000      
        21200.0000000           0.100000000000E-03        8000000.00000      
        21360.0000000           0.100000000000E-03        8000000.00000      
        21520.0000000           0.100000000000E-03        8000000.00000      
        21680.0000000           0.100000000000E-03        8000000.00000      
        21840.0000000           0.100000000000E-03        8000000.00000      
        22000.0000000           0.100000000000E-03        8000000.00000      
        22160.0000000           0.100000000000E-03        8000000.00000      
        22320.0000000           0.100000000000E-03        8000000.00000      
        22480.0000000           0.100000000000E-03        8000000.00000      
        22640.0000000           0.100000000000E-03        8000000.00000      
        22800.0000000           0.100000000000E-03        8000000.00000      
        22960.0000000           0.100000000000E-03        8000000.00000      
        23120.0000000           0.100000000000E-03        8000000.00000      
        23280.0000000           0.100000000000E-03        8000000.00000      
        23440.0000000           0.100000000000E-03        8000000.00000      
        23600.0000000           0.100000000000E-03        8000000.00000      
        23760.0000000           0.100000000000E-03        8000000.00000      
        23920.0000000           0.100000000000E-03        8000000.00000      
        24080.0000000           0.100000000000E-03        8000000.00000      
        24240.0000000           0.100000000000E-03        8000000.00000      
        24400.0000000           0.100000000000E-03        8000000.00000      
        24560.0000000           0.100000000000E-03        8000000.00000      
        24720.0000000           0.100000000000E-03        8000000.00000      
        24880.0000000           0.100000000000E-03        8000000.00000      
        25040.0000000           0.100000000000E-03        8000000.00000      
        25200.0000000           0.100000000000E-03        8000000.00000      
        25360.0000000           0.100000000000E-03        8000000.00000      
        25520.0000000           0.100000000000E-03        8000000.00000      
        25680.0000000           0.100000000000E-03        8000000.00000      
        25840.0000000           0.100000000000E-03        8000000.00000      
        26000.0000000           0.100000000000E-03        8000000.00000      
        26160.0000000           0.100000000000E-03        8000000.00000      
        26320.0000000           0.100000000000E-03        8000000.00000      
        26480.0000000           0.100000000000E-03        8000000.00000      
        26640.0000000           0.100000000000E-03        8000000.00000      
        26800.0000000           0.100000000000E-03        8000000.00000      
        26960.0000000           0.100000000000E-03        8000000.00000      
        27120.0000000           0.100000000000E-03        8000000.00000      
        27280.0000000           0.100000000000E-03        8000000.00000      
        27440.0000000           0.100000000000E-03        8000000.00000      
        27600.0000000           0.100000000000E-03        8000000.00000      
        27760.0000000           0.100000000000E-03        8000000.00000      
        27920.0000000           0.100000000000E-03        8000000.00000      
        28080.0000000           0.100000000000E-03        8000000.00000      
        28240.0000000           0.100000000000E-03        8000000.00000      
        28400.0000000           0.100000000000E-03        8000000.00000      
        28560.0000000           0.100000000000E-03        8000000.00000      
        28720.0000000           0.100000000000E-03        8000000.00000      
        28880.0000000           0.100000000000E-03        8000000.00000      
        29040.0000000           0.100000000000E-03        8000000.00000      
        29200.0000000           0.100000000000E-03        8000000.00000      
        29360.0000000           0.100000000000E-03        8000000.00000      
        29520.0000000           0.100000000000E-03        8000000.00000      
        29680.0000000           0.100000000000E-03        8000000.00000      
        29840.0000000           0.100000000000E-03        8000000.00000      
        30000.0000000           0.100000000000E-03        8000000.00000      
        30160.0000000           0.100000000000E-03        8000000.00000      
        30320.0000000           0.100000000000E-03        8000000.00000      
        30480.0000000           0.100000000000E-03        8000000.00000      
        30640.0000000           0.100000000000E-03        8000000.00000      
 
#==============================================================================
# Castro Job Information
#==============================================================================
#job name:
#
#inputs file: inputs.boost_10_10
#
#number of MPI processes: 864
#
#hydro tile size:         (1024,16)
#
#CPU time used since start of simulation (CPU-hours): 1.59667
#
#==============================================================================
# Plotfile Information
#==============================================================================
#output data / time: Tue Apr  9 04:56:11 2019
#output dir:         /scratch2/scratchdirs/zingale/flame_wave/flame_wave_boost_10_10_paper
#
#
#==============================================================================
# Build Information
#==============================================================================
#build date:    2019-04-08 15:54:04.587983
#build machine: Linux edison01 4.4.162-94.72-default #1 SMP Mon Nov 12 18:57:45 UTC 2018 (9de753f) x86_64 x86_64 x86_64 GNU/Linux
#build dir:     /global/u1/z/zingale/Castro/Exec/science/flame_wave
#AMReX dir:     /global/homes/z/zingale/AMReX
#
#COMP:          intel
#COMP version:  18.0.2
#
#C++ compiler:  CC
#C++ flags:      -g -O2 -ip -qopt-report=5 -qopt-report-phase=vec -std=c++14  -DNDEBUG -DBL_USE_MPI -DAMREX_USE_MPI -DGPU_COMPATIBLE_PROBLEM -DAMREX_GIT_VERSION="19.04.2" -DAMREX_LAUNCH= -DAMREX_DEVICE= -DAMREX_CUDA_FORT_GLOBAL= -DAMREX_CUDA_FORT_DEVICE= -D
#
#Fortran comp:  ftn
#Fortran flags:  -g -O2 -ip -qopt-report=5 -qopt-report-phase=vec -module tmp_build_dir/o/2d.intel.sandybridge.MPI.EXE -Itmp_build_dir/o/2d.intel.sandybridge.MPI.EXE -implicitnone
#
#Link flags:    -L.
#Libraries:     -lmpichf90 -lifcore
#
#EOS: /global/homes/z/zingale/Microphysics/EOS/helmholtz
#VISCOSITY: ../../../Microphysics/viscosity/constant
#NETWORK: /global/homes/z/zingale/Microphysics/networks/aprox13
#CONDUCTIVITY: /global/homes/z/zingale/Microphysics/conductivity/stellar
#
#Castro       git describe: actual_flame_wave
#AMReX        git describe: 19.04.2
#Microphysics git describe: flame_wave
#
#
#==============================================================================
# Grid Information
#==============================================================================
# level: 0
#   number of boxes = 576
#   maximum zones   = 768 192
#
# level: 1
#   number of boxes = 1536
#   maximum zones   = 3072 768
#
# level: 2
#   number of boxes = 1344
#   maximum zones   = 6144 1536
#
# level: 3
#   number of boxes = 1372
#   maximum zones   = 12288 3072
#
# Boundary conditions
#   -x: symmetry
#   +x: outflow
#   -y: inflow
#   +y: inflow
#
#
# Domain geometry info
#     center: 0 , 15360 , 0
#
#     geometry.is_periodic: 0 0
#     geometry.coord_sys:   1
#     geometry.prob_lo:     0 0
#     geometry.prob_hi:     122880 30720
#     amr.n_cell:           768 192
#     amr.max_level:        3
#     amr.ref_ratio:        4 2 2
#
#
#==============================================================================
# Species Information
#==============================================================================
# index                         name              A              Z
#------------------------------------------------------------------------------
#     0                          he4              4              2
#     1                          c12             12              6
#     2                          o16             16              8
#     3                         ne20             20             10
#     4                         mg24             24             12
#     5                         si28             28             14
#     6                          s32             32             16
#     7                         ar36             36             18
#     8                         ca40             40             20
#     9                         ti44             44             22
#    10                         cr48             48             24
#    11                         fe52             52             26
#    12                         ni56             56             28
#
#
#==============================================================================
# Inputs File Parameters
#==============================================================================
#[*] castro.diffuse_temp = 1
#[*] castro.diffuse_cutoff_density = 50000
#    castro.diffuse_cutoff_density_hi = -1e+200
#[*] castro.diffuse_cond_scale_fac = 10
#[*] castro.rotational_period = 0.0005
#    castro.rotational_dPdt = 0
#[*] castro.rotation_include_centrifugal = 0
#    castro.rotation_include_coriolis = 1
#    castro.rotation_include_domegadt = 1
#    castro.state_in_rotating_frame = 1
#    castro.rot_source_type = 4
#    castro.implicit_rotation_update = 1
#[*] castro.rot_axis = 2
#    castro.state_interp_order = 1
#    castro.lin_limit_state_interp = 0
#    castro.state_nghost = 0
#    castro.do_reflux = 1
#    castro.update_sources_after_reflux = 1
#    castro.use_custom_knapsack_weights = 0
#    castro.difmag = 0.1
#[*] castro.small_dens = 1e-05
#[*] castro.small_temp = 1e+06
#    castro.small_pres = -1e+200
#    castro.small_ener = -1e+200
#[*] castro.do_hydro = 1
#    castro.time_integration_method = 0
#    castro.limit_fourth_order = 1
#    castro.use_reconstructed_gamma1 = 0
#    castro.add_ext_src = 0
#    castro.hybrid_hydro = 0
#    castro.ppm_type = 1
#    castro.ppm_temp_fix = 0
#    castro.ppm_predict_gammae = 0
#[*] castro.ppm_reference_eigenvectors = 1
#    castro.plm_iorder = 2
#    castro.hybrid_riemann = 0
#    castro.riemann_solver = 0
#    castro.cg_maxiter = 12
#    castro.cg_tol = 1e-05
#    castro.cg_blend = 2
#    castro.use_eos_in_riemann = 0
#    castro.use_flattening = 1
#    castro.transverse_use_eos = 0
#    castro.transverse_reset_density = 1
#    castro.transverse_reset_rhoe = 0
#    castro.dual_energy_eta1 = 1
#    castro.dual_energy_eta2 = 0.0001
#    castro.use_pslope = 1
#    castro.limit_fluxes_on_small_dens = 0
#    castro.density_reset_method = 1
#    castro.allow_small_energy = 1
#[*] castro.do_sponge = 1
#    castro.sponge_implicit = 1
#    castro.source_term_predictor = 0
#    castro.first_order_hydro = 0
#    castro.xl_ext_bc_type =
#    castro.xr_ext_bc_type =
#[*] castro.yl_ext_bc_type = hse
#[*] castro.yr_ext_bc_type = interp
#    castro.zl_ext_bc_type =
#    castro.zr_ext_bc_type =
#    castro.hse_zero_vels = 0
#[*] castro.hse_interp_temp = 1
#[*] castro.hse_reflect_vels = 1
#    castro.mol_order = 2
#    castro.sdc_order = 2
#    castro.sdc_solver = 1
#    castro.sdc_solver_tol = 1e-06
#    castro.sdc_solver_relax_factor = 1
#    castro.sdc_solve_for_rhoe = 1
#    castro.sdc_use_analytic_jac = 1
#    castro.fixed_dt = -1
#    castro.initial_dt = -1
#[*] castro.dt_cutoff = 5e-20
#    castro.max_dt = 1e+200
#    castro.cfl = 0.8
#[*] castro.init_shrink = 0.1
#    castro.change_max = 1.1
#    castro.plot_per_is_exact = 0
#    castro.small_plot_per_is_exact = 0
#[*] castro.use_retry = 1
#    castro.retry_tolerance = 0.02
#    castro.retry_neg_dens_factor = 0.1
#    castro.retry_subcycle_factor = 0.5
#    castro.use_post_step_regrid = 0
#[*] castro.max_subcycles = 16
#    castro.sdc_iters = 2
#    castro.dtnuc_e = 1e+200
#    castro.dtnuc_X = 1e+200
#    castro.dtnuc_X_threshold = 0.001
#[*] castro.do_react = 1
#[*] castro.react_T_min = 6e+07
#    castro.react_T_max = 1e+200
#[*] castro.react_rho_min = 100
#[*] castro.react_rho_max = 1.5e+07
#    castro.disable_shock_burning = 0
#    castro.T_guess = 1e+08
#[*] castro.do_grav = 1
#    castro.moving_center = 0
#[*] castro.grav_source_type = 2
#[*] castro.do_rotation = 1
#    castro.do_acc = -1
#    castro.bndry_func_thread_safe = 1
#    castro.grown_factor = 1
#    castro.star_at_center = -1
#    castro.do_scf_initial_model = 0
#    castro.scf_maximum_density = -1e+06
#    castro.scf_equatorial_radius = -1e+09
#    castro.scf_polar_radius = -1e+09
#    castro.scf_relax_tol = 0.001
#    castro.scf_max_iterations = 30
#    castro.do_special_tagging = 0
#    castro.spherical_star = 0
#[*] castro.verbose = 1
#    castro.dump_old = 0
#    castro.print_fortran_warnings = 0
#    castro.print_update_diagnostics = 0
#    castro.track_grid_losses = 0
#[*] castro.sum_interval = 1
#    castro.sum_per = -1
#    castro.show_center_of_mass = 0
#[*] castro.hard_cfl_limit = 0
#    castro.job_name =
#    castro.output_at_completion = 1
#    castro.reset_checkpoint_time = -1e+200
#    castro.reset_checkpoint_step = -1
#    castro.use_point_mass = 0
#    castro.point_mass = 0
#    castro.point_mass_fix_solution = 0
#[*] gravity.gravity_type = ConstantGrav
#[*] gravity.const_grav = -1.5e+14
#    gravity.direct_sum_bcs = 0
#    gravity.drdxfac = 1
#    gravity.lnum = 0
#    gravity.verbose = 0
#    gravity.no_sync = 0
#    gravity.no_composite = 0
#    gravity.do_composite_phi_correction = 1
#    gravity.max_solve_level = 29
#    gravity.get_g_from_phi = 0
#    gravity.mlmg_max_fmg_iter = 0
#    gravity.mlmg_agglomeration = 1
#    gravity.mlmg_consolidation = 1
#    gravity.mlmg_nsolve = 0
#    diffusion.verbose = 0
#    diffusion.mlmg_maxorder = 4
#                 eos_input_is_constant =  T
#                       use_eos_coulomb =  T
#                              eos_ttol =     0.1000000000E-07
#                              eos_dtol =     0.1000000000E-07
#                               small_x =     0.1000000000E-29
# [*]                        use_tables =  T
#                    use_c12ag_deboer17 =  F
#                       const_viscosity =     0.1000000000E-03
#                        scaling_method =          2
#                use_timestep_estimator =  F
#                       ode_scale_floor =     0.1000000000E-05
#                            ode_method =          1
#                         safety_factor =      1000000000.
#               do_constant_volume_burn =  F
#                       call_eos_in_rhs =  F
#                               dT_crit =     0.1000000000E+21
#                          burning_mode =          1
#                   burning_mode_factor =     0.1000000000
#                 integrate_temperature =  T
#                      integrate_energy =  T
#                              jacobian =          1
#                     centered_diff_jac =  F
#                        burner_verbose =  F
# [*]                         rtol_spec =     0.1000000000E-05
#                             rtol_temp =     0.1000000000E-05
#                             rtol_enuc =     0.1000000000E-05
# [*]                         atol_spec =     0.1000000000E-05
#                             atol_temp =     0.1000000000E-05
#                             atol_enuc =     0.1000000000E-05
#                            retry_burn =  F
#                     retry_burn_factor =      1.250000000
#                 retry_burn_max_change =      100.0000000
#                      abort_on_failure =  T
#                renormalize_abundances =  F
#                          SMALL_X_SAFE =     0.1000000000E-29
#                              MAX_TEMP =     0.1000000000E+12
# [*]                       react_boost =      10.00000000
#               reactions_density_scale =      1.000000000
#           reactions_temperature_scale =      1.000000000
#                reactions_energy_scale =      1.000000000
#                         ode_max_steps =     150000
#                  use_jacobian_caching =  T
