# 1-d slice in y-direction, file: flame_wave_smallplt00000
# time =        0.00000000000    
#                       y                  density                     Temp  
        10.0000000000            35768864.2115            100159845.171      
        30.0000000000            35218226.2041            100160778.480      
        50.0000000000            34672900.0880            100161539.111      
        70.0000000000            34132863.4032            100162410.748      
        90.0000000000            33598092.2616            100163334.815      
        110.000000000            33068561.9332            100164261.450      
        130.000000000            32544247.8467            100165148.805      
        150.000000000            32025126.3801            100165962.390      
        170.000000000            31511174.9307            100166966.219      
        190.000000000            31002369.3418            100167753.628      
        210.000000000            30498686.9807            100168678.250      
        230.000000000            30000104.2919            100169670.702      
        250.000000000            29506596.6507            100170672.228      
        270.000000000            29018139.4832            100171633.798      
        290.000000000            28534709.1466            100172515.283      
        310.000000000            28056282.9999            100173582.419      
        330.000000000            27582837.0130            100174451.304      
        350.000000000            27114348.5749            100175462.879      
        370.000000000            26650793.9775            100176538.922      
        390.000000000            26192148.5903            100177613.816      
        410.000000000            25738388.0302            100178633.432      
        430.000000000            25289489.0679            100179554.117      
        450.000000000            24845428.7073            100180692.181      
        470.000000000            24406183.3380            100181704.084      
        490.000000000            23971730.2034            100182835.220      
        510.000000000            23542045.0876            100184002.185      
        530.000000000            23117103.4164            100185136.086      
        550.000000000            22696881.3865            100186181.200      
        570.000000000            22281356.3148            100187397.142      
        590.000000000            21870504.4685            100188427.258      
        610.000000000            21464303.1847            100189620.213      
        630.000000000            21062728.6684            100190875.041      
        650.000000000            20665756.3896            100192108.650      
        670.000000000            20273362.3937            100193254.119      
        690.000000000            19885523.9433            100194560.045      
        710.000000000            19502217.5018            100195661.556      
        730.000000000            19123420.3472            100196945.965      
        750.000000000            18749108.7759            100198296.969      
        770.000000000            18379258.3398            100199619.710      
        790.000000000            18013845.2626            100200838.675      
        810.000000000            17652846.8505            100202217.750      
        830.000000000            17296239.6460            100203463.401      
        850.000000000            16944000.9682            100204876.162      
        870.000000000            16596106.8400            100206329.156      
        890.000000000            16252532.9840            100207720.547      
        910.000000000            15913256.2081            100209042.162      
        930.000000000            15578253.5644            100210478.263      
        950.000000000            15247502.0960            100211928.715      
        970.000000000            14920978.6167            100213485.420      
        990.000000000            14598658.8864            100215018.659      
        1010.00000000            14280519.2595            100216427.043      
        1030.00000000            13966537.0726            100217998.639      
        1050.00000000            13656689.2109            100219503.506      
        1070.00000000            13350952.8826            100221163.197      
        1090.00000000            13049304.0483            100222821.055      
        1110.00000000            12751718.9867            100224355.280      
        1130.00000000            12458175.0791            100226029.880      
        1150.00000000            12168649.3352            100227642.865      
        1170.00000000            11883119.0344            100229424.571      
        1190.00000000            11601560.2544            100231195.839      
        1210.00000000            11323949.5062            100232819.279      
        1230.00000000            11050264.2235            100234618.333      
        1250.00000000            10780481.6606            100236408.414      
        1270.00000000            10514578.9258            100238329.974      
        1290.00000000            10252532.1749            100240190.245      
        1310.00000000            9994318.47319            100242103.267      
        1330.00000000            9739915.26447            100243873.030      
        1350.00000000            9489300.07847            100245883.606      
        1370.00000000            9242449.56073            100247926.293      
        1390.00000000            8999340.34163            100249808.687      
        1410.00000000            8759950.05354            100251853.487      
        1430.00000000            8524256.29317            100253935.305      
        1450.00000000            8292236.27639            100256129.876      
        1470.00000000            8063866.59758            100258195.606      
        1490.00000000            7839124.93714            100260350.259      
        1510.00000000            7617989.04138            100262534.784      
        1530.00000000            7400436.44683            100264875.045      
        1550.00000000            7186443.94319            100267084.933      
        1570.00000000            6975989.35743            100269375.988      
        1590.00000000            6769050.66912            100271729.421      
        1610.00000000            6565605.52432            100274217.233      
        1630.00000000            6365631.05084            100276525.596      
        1650.00000000            6169105.36654            100278995.644      
        1670.00000000            5976006.73893            100281579.069      
        1690.00000000            5786312.74647            100284188.841      
        1710.00000000            5600001.12252            100286796.635      
        1730.00000000            5417050.38373            100289327.471      
        1750.00000000            5237438.89265            100292133.268      
        1770.00000000            5061144.34108            100294764.869      
        1790.00000000            4888145.32171            100297539.740      
        1810.00000000            4718420.68896            100300471.564      
        1830.00000000            4551948.58902            100303349.464      
        1850.00000000            4388707.68587            100306228.678      
        1870.00000000            4228677.20005            100309275.392      
        1890.00000000            4071835.82931            100312351.878      
        1910.00000000            3918162.49144            100315384.542      
        1925.00000000            3804876.38399            100000000.000      
        1935.00000000            3729901.25302            100000000.000      
        1945.00000000            3655627.91231            100000000.000      
        1955.00000000            3581468.98216            100000000.000      
        1965.00000000            3506704.55166            100000000.000      
        1975.00000000            3430000.00000            100000000.000      
        1985.00000000            3348830.23622            101798620.996      
        1995.00000000            3261708.67959            103916572.280      
        2005.00000000            3168338.83500            108317269.649      
        2015.00000000            3070775.70168            116798161.487      
        2025.00000000            2969739.07769            131002551.887      
        2035.00000000            2865073.04577            150000000.000      
        2045.00000000            2762391.62687            168997448.113      
        2055.00000000            2671073.22130            183201838.513      
        2065.00000000            2594308.86613            191682730.351      
        2075.00000000            2528610.97172            196083427.720      
        2085.00000000            2469508.54568            198201379.004      
        2095.00000000            2414017.55023            199183742.885      
        2105.00000000            2360553.00893            199631576.010      
        2115.00000000            2312481.95598            195745581.406      
        2125.00000000            2264243.25418            192655964.364      
        2135.00000000            2216220.84333            189920669.109      
        2145.00000000            2168660.03088            187244831.863      
        2155.00000000            2121432.65053            184795794.695      
        2165.00000000            2074718.77754            182349834.208      
        2175.00000000            2028517.30626            179906951.424      
        2185.00000000            1982827.29108            177467154.973      
        2195.00000000            1937647.73584            175030450.417      
        2205.00000000            1892977.73257            172596847.673      
        2215.00000000            1848816.22541            170166347.790      
        2225.00000000            1805162.17593            167738950.796      
        2235.00000000            1762014.71047            165314664.770      
        2245.00000000            1719372.92031            162893495.230      
        2255.00000000            1677235.95881            160475450.674      
        2265.00000000            1635602.83366            158060529.805      
        2275.00000000            1594472.63367            155648733.667      
        2285.00000000            1553844.57510            153240069.731      
        2295.00000000            1513717.87410            150834544.533      
        2305.00000000            1474091.70355            148432161.058      
        2315.00000000            1434965.17727            146032916.007      
        2325.00000000            1396337.58748            143636814.856      
        2335.00000000            1358208.23578            141243862.485      
        2345.00000000            1320576.44486            138854063.902      
        2355.00000000            1283441.42242            136467413.967      
        2365.00000000            1246802.54627            134083915.372      
        2375.00000000            1210659.24095            131703572.183      
        2385.00000000            1175010.95188            129326388.178      
        2395.00000000            1139857.01511            126952356.302      
        2405.00000000            1105196.95118            124581478.202      
        2415.00000000            1071030.33512            122213757.031      
        2425.00000000            1037356.71905            119849191.859      
        2435.00000000            1004175.62095            117487774.376      
        2445.00000000            971486.750368            115129505.895      
        2455.00000000            939289.858926            112774387.850      
        2465.00000000            907584.603786            110422410.247      
        2475.00000000            876370.794419            108073568.119      
        2485.00000000            845648.355327            105727861.062      
        2495.00000000            815417.168125            103385280.677      
        2505.00000000            785677.171661            101045815.184      
        2515.00000000            756428.487568            98709461.2643      
        2525.00000000            727671.228124            96376209.0690      
        2535.00000000            699405.538450            94046041.9352      
        2545.00000000            671631.778296            91718953.0320      
        2555.00000000            644350.295421            89394926.7305      
        2565.00000000            617561.526642            87073943.0630      
        2575.00000000            591266.121101            84755990.7328      
        2585.00000000            565464.692424            82441043.8857      
        2595.00000000            540158.072162            80129081.4166      
        2605.00000000            515347.221501            77820081.7109      
        2615.00000000            491033.145580            75514009.8649      
        2625.00000000            467217.141840            73210841.5942      
        2635.00000000            443900.528848            70910535.7771      
        2645.00000000            421084.914239            68613056.7178      
        2655.00000000            398772.030117            66318358.8730      
        2665.00000000            376963.856141            64026393.1057      
        2675.00000000            355662.588802            61737104.5532      
        2685.00000000            334870.687088            59450430.3635      
        2695.00000000            314590.882228            57166300.4847      
        2705.00000000            294826.238539            54884636.4935      
        2715.00000000            275580.126671            52605346.1269      
        2725.00000000            256856.367262            50328331.3533      
        2735.00000000            238659.143926            48053471.4492      
        2745.00000000            220993.179180            45780635.3896      
        2755.00000000            203863.735303            43509669.4460      
        2765.00000000            187276.685309            41240393.5933      
        2775.00000000            171238.638548            38972600.4806      
        2785.00000000            155757.042381            36706047.2723      
        2795.00000000            140840.296022            34440444.1443      
        2805.00000000            126497.931718            32175444.8062      
        2815.00000000            112740.828181            29910631.3870      
        2825.00000000            99581.4694294            27645491.7079      
        2835.00000000            87053.6337148            25300839.8683      
        2845.00000000            75129.9014439            23040046.1829      
        2855.00000000            63855.4150328            20777526.3982      
        2865.00000000            53253.9275205            18512221.1552      
        2875.00000000            43354.2818012            16242693.6731      
        2885.00000000            34192.2379498            13966909.9509      
        2895.00000000            25813.3394810            11681818.7071      
        2905.00000000            18277.7465145            9382448.31766      
        2915.00000000            11567.2969077            8000000.00000      
        2925.00000000            5897.08052623            8000000.00000      
        2935.00000000            1837.68713270            8000000.00000      
        2945.00000000           0.100000000000E-03        8000000.00000      
        2955.00000000           0.100000000000E-03        8000000.00000      
        2965.00000000           0.100000000000E-03        8000000.00000      
        2975.00000000           0.100000000000E-03        8000000.00000      
        2985.00000000           0.100000000000E-03        8000000.00000      
        2995.00000000           0.100000000000E-03        8000000.00000      
        3005.00000000           0.100000000000E-03        8000000.00000      
        3015.00000000           0.100000000000E-03        8000000.00000      
        3025.00000000           0.100000000000E-03        8000000.00000      
        3035.00000000           0.100000000000E-03        8000000.00000      
        3045.00000000           0.100000000000E-03        8000000.00000      
        3055.00000000           0.100000000000E-03        8000000.00000      
        3065.00000000           0.100000000000E-03        8000000.00000      
        3075.00000000           0.100000000000E-03        8000000.00000      
        3085.00000000           0.100000000000E-03        8000000.00000      
        3095.00000000           0.100000000000E-03        8000000.00000      
        3105.00000000           0.100000000000E-03        8000000.00000      
        3115.00000000           0.100000000000E-03        8000000.00000      
        3125.00000000           0.100000000000E-03        8000000.00000      
        3135.00000000           0.100000000000E-03        8000000.00000      
        3145.00000000           0.100000000000E-03        8000000.00000      
        3155.00000000           0.100000000000E-03        8000000.00000      
        3165.00000000           0.100000000000E-03        8000000.00000      
        3175.00000000           0.100000000000E-03        8000000.00000      
        3185.00000000           0.100000000000E-03        8000000.00000      
        3195.00000000           0.100000000000E-03        8000000.00000      
        3205.00000000           0.100000000000E-03        8000000.00000      
        3215.00000000           0.100000000000E-03        8000000.00000      
        3225.00000000           0.100000000000E-03        8000000.00000      
        3235.00000000           0.100000000000E-03        8000000.00000      
        3245.00000000           0.100000000000E-03        8000000.00000      
        3255.00000000           0.100000000000E-03        8000000.00000      
        3265.00000000           0.100000000000E-03        8000000.00000      
        3275.00000000           0.100000000000E-03        8000000.00000      
        3285.00000000           0.100000000000E-03        8000000.00000      
        3295.00000000           0.100000000000E-03        8000000.00000      
        3305.00000000           0.100000000000E-03        8000000.00000      
        3315.00000000           0.100000000000E-03        8000000.00000      
        3325.00000000           0.100000000000E-03        8000000.00000      
        3335.00000000           0.100000000000E-03        8000000.00000      
        3345.00000000           0.100000000000E-03        8000000.00000      
        3355.00000000           0.100000000000E-03        8000000.00000      
        3365.00000000           0.100000000000E-03        8000000.00000      
        3375.00000000           0.100000000000E-03        8000000.00000      
        3385.00000000           0.100000000000E-03        8000000.00000      
        3395.00000000           0.100000000000E-03        8000000.00000      
        3405.00000000           0.100000000000E-03        8000000.00000      
        3415.00000000           0.100000000000E-03        8000000.00000      
        3425.00000000           0.100000000000E-03        8000000.00000      
        3435.00000000           0.100000000000E-03        8000000.00000      
        3445.00000000           0.100000000000E-03        8000000.00000      
        3455.00000000           0.100000000000E-03        8000000.00000      
        3465.00000000           0.100000000000E-03        8000000.00000      
        3475.00000000           0.100000000000E-03        8000000.00000      
        3485.00000000           0.100000000000E-03        8000000.00000      
        3495.00000000           0.100000000000E-03        8000000.00000      
        3505.00000000           0.100000000000E-03        8000000.00000      
        3515.00000000           0.100000000000E-03        8000000.00000      
        3525.00000000           0.100000000000E-03        8000000.00000      
        3535.00000000           0.100000000000E-03        8000000.00000      
        3545.00000000           0.100000000000E-03        8000000.00000      
        3555.00000000           0.100000000000E-03        8000000.00000      
        3565.00000000           0.100000000000E-03        8000000.00000      
        3575.00000000           0.100000000000E-03        8000000.00000      
        3585.00000000           0.100000000000E-03        8000000.00000      
        3595.00000000           0.100000000000E-03        8000000.00000      
        3605.00000000           0.100000000000E-03        8000000.00000      
        3615.00000000           0.100000000000E-03        8000000.00000      
        3625.00000000           0.100000000000E-03        8000000.00000      
        3635.00000000           0.100000000000E-03        8000000.00000      
        3645.00000000           0.100000000000E-03        8000000.00000      
        3655.00000000           0.100000000000E-03        8000000.00000      
        3665.00000000           0.100000000000E-03        8000000.00000      
        3675.00000000           0.100000000000E-03        8000000.00000      
        3685.00000000           0.100000000000E-03        8000000.00000      
        3695.00000000           0.100000000000E-03        8000000.00000      
        3705.00000000           0.100000000000E-03        8000000.00000      
        3715.00000000           0.100000000000E-03        8000000.00000      
        3725.00000000           0.100000000000E-03        8000000.00000      
        3735.00000000           0.100000000000E-03        8000000.00000      
        3745.00000000           0.100000000000E-03        8000000.00000      
        3755.00000000           0.100000000000E-03        8000000.00000      
        3765.00000000           0.100000000000E-03        8000000.00000      
        3775.00000000           0.100000000000E-03        8000000.00000      
        3785.00000000           0.100000000000E-03        8000000.00000      
        3795.00000000           0.100000000000E-03        8000000.00000      
        3805.00000000           0.100000000000E-03        8000000.00000      
        3815.00000000           0.100000000000E-03        8000000.00000      
        3825.00000000           0.100000000000E-03        8000000.00000      
        3835.00000000           0.100000000000E-03        8000000.00000      
        3845.00000000           0.100000000000E-03        8000000.00000      
        3855.00000000           0.100000000000E-03        8000000.00000      
        3865.00000000           0.100000000000E-03        8000000.00000      
        3875.00000000           0.100000000000E-03        8000000.00000      
        3885.00000000           0.100000000000E-03        8000000.00000      
        3895.00000000           0.100000000000E-03        8000000.00000      
        3905.00000000           0.100000000000E-03        8000000.00000      
        3915.00000000           0.100000000000E-03        8000000.00000      
        3925.00000000           0.100000000000E-03        8000000.00000      
        3935.00000000           0.100000000000E-03        8000000.00000      
        3945.00000000           0.100000000000E-03        8000000.00000      
        3955.00000000           0.100000000000E-03        8000000.00000      
        3965.00000000           0.100000000000E-03        8000000.00000      
        3975.00000000           0.100000000000E-03        8000000.00000      
        3985.00000000           0.100000000000E-03        8000000.00000      
        3995.00000000           0.100000000000E-03        8000000.00000      
        4010.00000000           0.100000000000E-03        8000000.00000      
        4030.00000000           0.100000000000E-03        8000000.00000      
        4050.00000000           0.100000000000E-03        8000000.00000      
        4070.00000000           0.100000000000E-03        8000000.00000      
        4090.00000000           0.100000000000E-03        8000000.00000      
        4110.00000000           0.100000000000E-03        8000000.00000      
        4130.00000000           0.100000000000E-03        8000000.00000      
        4150.00000000           0.100000000000E-03        8000000.00000      
        4180.00000000           0.100000000000E-03        8000000.00000      
        4220.00000000           0.100000000000E-03        8000000.00000      
        4260.00000000           0.100000000000E-03        8000000.00000      
        4300.00000000           0.100000000000E-03        8000000.00000      
        4340.00000000           0.100000000000E-03        8000000.00000      
        4380.00000000           0.100000000000E-03        8000000.00000      
        4420.00000000           0.100000000000E-03        8000000.00000      
        4460.00000000           0.100000000000E-03        8000000.00000      
        4500.00000000           0.100000000000E-03        8000000.00000      
        4540.00000000           0.100000000000E-03        8000000.00000      
        4580.00000000           0.100000000000E-03        8000000.00000      
        4620.00000000           0.100000000000E-03        8000000.00000      
        4660.00000000           0.100000000000E-03        8000000.00000      
        4700.00000000           0.100000000000E-03        8000000.00000      
        4740.00000000           0.100000000000E-03        8000000.00000      
        4780.00000000           0.100000000000E-03        8000000.00000      
        4820.00000000           0.100000000000E-03        8000000.00000      
        4860.00000000           0.100000000000E-03        8000000.00000      
        4900.00000000           0.100000000000E-03        8000000.00000      
        4940.00000000           0.100000000000E-03        8000000.00000      
        4980.00000000           0.100000000000E-03        8000000.00000      
        5020.00000000           0.100000000000E-03        8000000.00000      
        5060.00000000           0.100000000000E-03        8000000.00000      
        5100.00000000           0.100000000000E-03        8000000.00000      
        5200.00000000           0.100000000000E-03        8000000.00000      
        5360.00000000           0.100000000000E-03        8000000.00000      
        5520.00000000           0.100000000000E-03        8000000.00000      
        5680.00000000           0.100000000000E-03        8000000.00000      
        5840.00000000           0.100000000000E-03        8000000.00000      
        6000.00000000           0.100000000000E-03        8000000.00000      
        6160.00000000           0.100000000000E-03        8000000.00000      
        6320.00000000           0.100000000000E-03        8000000.00000      
        6480.00000000           0.100000000000E-03        8000000.00000      
        6640.00000000           0.100000000000E-03        8000000.00000      
        6800.00000000           0.100000000000E-03        8000000.00000      
        6960.00000000           0.100000000000E-03        8000000.00000      
        7120.00000000           0.100000000000E-03        8000000.00000      
        7280.00000000           0.100000000000E-03        8000000.00000      
        7440.00000000           0.100000000000E-03        8000000.00000      
        7600.00000000           0.100000000000E-03        8000000.00000      
        7760.00000000           0.100000000000E-03        8000000.00000      
        7920.00000000           0.100000000000E-03        8000000.00000      
        8080.00000000           0.100000000000E-03        8000000.00000      
        8240.00000000           0.100000000000E-03        8000000.00000      
        8400.00000000           0.100000000000E-03        8000000.00000      
        8560.00000000           0.100000000000E-03        8000000.00000      
        8720.00000000           0.100000000000E-03        8000000.00000      
        8880.00000000           0.100000000000E-03        8000000.00000      
        9040.00000000           0.100000000000E-03        8000000.00000      
        9200.00000000           0.100000000000E-03        8000000.00000      
        9360.00000000           0.100000000000E-03        8000000.00000      
        9520.00000000           0.100000000000E-03        8000000.00000      
        9680.00000000           0.100000000000E-03        8000000.00000      
        9840.00000000           0.100000000000E-03        8000000.00000      
        10000.0000000           0.100000000000E-03        8000000.00000      
        10160.0000000           0.100000000000E-03        8000000.00000      
        10320.0000000           0.100000000000E-03        8000000.00000      
        10480.0000000           0.100000000000E-03        8000000.00000      
        10640.0000000           0.100000000000E-03        8000000.00000      
        10800.0000000           0.100000000000E-03        8000000.00000      
        10960.0000000           0.100000000000E-03        8000000.00000      
        11120.0000000           0.100000000000E-03        8000000.00000      
        11280.0000000           0.100000000000E-03        8000000.00000      
        11440.0000000           0.100000000000E-03        8000000.00000      
        11600.0000000           0.100000000000E-03        8000000.00000      
        11760.0000000           0.100000000000E-03        8000000.00000      
        11920.0000000           0.100000000000E-03        8000000.00000      
        12080.0000000           0.100000000000E-03        8000000.00000      
        12240.0000000           0.100000000000E-03        8000000.00000      
        12400.0000000           0.100000000000E-03        8000000.00000      
        12560.0000000           0.100000000000E-03        8000000.00000      
        12720.0000000           0.100000000000E-03        8000000.00000      
        12880.0000000           0.100000000000E-03        8000000.00000      
        13040.0000000           0.100000000000E-03        8000000.00000      
        13200.0000000           0.100000000000E-03        8000000.00000      
        13360.0000000           0.100000000000E-03        8000000.00000      
        13520.0000000           0.100000000000E-03        8000000.00000      
        13680.0000000           0.100000000000E-03        8000000.00000      
        13840.0000000           0.100000000000E-03        8000000.00000      
        14000.0000000           0.100000000000E-03        8000000.00000      
        14160.0000000           0.100000000000E-03        8000000.00000      
        14320.0000000           0.100000000000E-03        8000000.00000      
        14480.0000000           0.100000000000E-03        8000000.00000      
        14640.0000000           0.100000000000E-03        8000000.00000      
        14800.0000000           0.100000000000E-03        8000000.00000      
        14960.0000000           0.100000000000E-03        8000000.00000      
        15120.0000000           0.100000000000E-03        8000000.00000      
        15280.0000000           0.100000000000E-03        8000000.00000      
        15440.0000000           0.100000000000E-03        8000000.00000      
        15600.0000000           0.100000000000E-03        8000000.00000      
        15760.0000000           0.100000000000E-03        8000000.00000      
        15920.0000000           0.100000000000E-03        8000000.00000      
        16080.0000000           0.100000000000E-03        8000000.00000      
        16240.0000000           0.100000000000E-03        8000000.00000      
        16400.0000000           0.100000000000E-03        8000000.00000      
        16560.0000000           0.100000000000E-03        8000000.00000      
        16720.0000000           0.100000000000E-03        8000000.00000      
        16880.0000000           0.100000000000E-03        8000000.00000      
        17040.0000000           0.100000000000E-03        8000000.00000      
        17200.0000000           0.100000000000E-03        8000000.00000      
        17360.0000000           0.100000000000E-03        8000000.00000      
        17520.0000000           0.100000000000E-03        8000000.00000      
        17680.0000000           0.100000000000E-03        8000000.00000      
        17840.0000000           0.100000000000E-03        8000000.00000      
        18000.0000000           0.100000000000E-03        8000000.00000      
        18160.0000000           0.100000000000E-03        8000000.00000      
        18320.0000000           0.100000000000E-03        8000000.00000      
        18480.0000000           0.100000000000E-03        8000000.00000      
        18640.0000000           0.100000000000E-03        8000000.00000      
        18800.0000000           0.100000000000E-03        8000000.00000      
        18960.0000000           0.100000000000E-03        8000000.00000      
        19120.0000000           0.100000000000E-03        8000000.00000      
        19280.0000000           0.100000000000E-03        8000000.00000      
        19440.0000000           0.100000000000E-03        8000000.00000      
        19600.0000000           0.100000000000E-03        8000000.00000      
        19760.0000000           0.100000000000E-03        8000000.00000      
        19920.0000000           0.100000000000E-03        8000000.00000      
        20080.0000000           0.100000000000E-03        8000000.00000      
        20240.0000000           0.100000000000E-03        8000000.00000      
        20400.0000000           0.100000000000E-03        8000000.00000      
        20560.0000000           0.100000000000E-03        8000000.00000      
        20720.0000000           0.100000000000E-03        8000000.00000      
        20880.0000000           0.100000000000E-03        8000000.00000      
        21040.0000000           0.100000000000E-03        8000000.00000      
        21200.0000000           0.100000000000E-03        8000000.00000      
        21360.0000000           0.100000000000E-03        8000000.00000      
        21520.0000000           0.100000000000E-03        8000000.00000      
        21680.0000000           0.100000000000E-03        8000000.00000      
        21840.0000000           0.100000000000E-03        8000000.00000      
        22000.0000000           0.100000000000E-03        8000000.00000      
        22160.0000000           0.100000000000E-03        8000000.00000      
        22320.0000000           0.100000000000E-03        8000000.00000      
        22480.0000000           0.100000000000E-03        8000000.00000      
        22640.0000000           0.100000000000E-03        8000000.00000      
        22800.0000000           0.100000000000E-03        8000000.00000      
        22960.0000000           0.100000000000E-03        8000000.00000      
        23120.0000000           0.100000000000E-03        8000000.00000      
        23280.0000000           0.100000000000E-03        8000000.00000      
        23440.0000000           0.100000000000E-03        8000000.00000      
        23600.0000000           0.100000000000E-03        8000000.00000      
        23760.0000000           0.100000000000E-03        8000000.00000      
        23920.0000000           0.100000000000E-03        8000000.00000      
        24080.0000000           0.100000000000E-03        8000000.00000      
        24240.0000000           0.100000000000E-03        8000000.00000      
        24400.0000000           0.100000000000E-03        8000000.00000      
        24560.0000000           0.100000000000E-03        8000000.00000      
        24720.0000000           0.100000000000E-03        8000000.00000      
        24880.0000000           0.100000000000E-03        8000000.00000      
        25040.0000000           0.100000000000E-03        8000000.00000      
        25200.0000000           0.100000000000E-03        8000000.00000      
        25360.0000000           0.100000000000E-03        8000000.00000      
        25520.0000000           0.100000000000E-03        8000000.00000      
        25680.0000000           0.100000000000E-03        8000000.00000      
        25840.0000000           0.100000000000E-03        8000000.00000      
        26000.0000000           0.100000000000E-03        8000000.00000      
        26160.0000000           0.100000000000E-03        8000000.00000      
        26320.0000000           0.100000000000E-03        8000000.00000      
        26480.0000000           0.100000000000E-03        8000000.00000      
        26640.0000000           0.100000000000E-03        8000000.00000      
        26800.0000000           0.100000000000E-03        8000000.00000      
        26960.0000000           0.100000000000E-03        8000000.00000      
        27120.0000000           0.100000000000E-03        8000000.00000      
        27280.0000000           0.100000000000E-03        8000000.00000      
        27440.0000000           0.100000000000E-03        8000000.00000      
        27600.0000000           0.100000000000E-03        8000000.00000      
        27760.0000000           0.100000000000E-03        8000000.00000      
        27920.0000000           0.100000000000E-03        8000000.00000      
        28080.0000000           0.100000000000E-03        8000000.00000      
        28240.0000000           0.100000000000E-03        8000000.00000      
        28400.0000000           0.100000000000E-03        8000000.00000      
        28560.0000000           0.100000000000E-03        8000000.00000      
        28720.0000000           0.100000000000E-03        8000000.00000      
        28880.0000000           0.100000000000E-03        8000000.00000      
        29040.0000000           0.100000000000E-03        8000000.00000      
        29200.0000000           0.100000000000E-03        8000000.00000      
        29360.0000000           0.100000000000E-03        8000000.00000      
        29520.0000000           0.100000000000E-03        8000000.00000      
        29680.0000000           0.100000000000E-03        8000000.00000      
        29840.0000000           0.100000000000E-03        8000000.00000      
        30000.0000000           0.100000000000E-03        8000000.00000      
        30160.0000000           0.100000000000E-03        8000000.00000      
        30320.0000000           0.100000000000E-03        8000000.00000      
        30480.0000000           0.100000000000E-03        8000000.00000      
        30640.0000000           0.100000000000E-03        8000000.00000      
 
#==============================================================================
# Castro Job Information
#==============================================================================
#job name:
#
#inputs file: inputs.boost_10_10
#
#number of MPI processes: 864
#
#hydro tile size:         (1024,16)
#
#CPU time used since start of simulation (CPU-hours): 1.59667
#
#==============================================================================
# Plotfile Information
#==============================================================================
#output data / time: Tue Apr  9 04:56:11 2019
#output dir:         /scratch2/scratchdirs/zingale/flame_wave/flame_wave_boost_10_10_paper
#
#
#==============================================================================
# Build Information
#==============================================================================
#build date:    2019-04-08 15:54:04.587983
#build machine: Linux edison01 4.4.162-94.72-default #1 SMP Mon Nov 12 18:57:45 UTC 2018 (9de753f) x86_64 x86_64 x86_64 GNU/Linux
#build dir:     /global/u1/z/zingale/Castro/Exec/science/flame_wave
#AMReX dir:     /global/homes/z/zingale/AMReX
#
#COMP:          intel
#COMP version:  18.0.2
#
#C++ compiler:  CC
#C++ flags:      -g -O2 -ip -qopt-report=5 -qopt-report-phase=vec -std=c++14  -DNDEBUG -DBL_USE_MPI -DAMREX_USE_MPI -DGPU_COMPATIBLE_PROBLEM -DAMREX_GIT_VERSION="19.04.2" -DAMREX_LAUNCH= -DAMREX_DEVICE= -DAMREX_CUDA_FORT_GLOBAL= -DAMREX_CUDA_FORT_DEVICE= -D
#
#Fortran comp:  ftn
#Fortran flags:  -g -O2 -ip -qopt-report=5 -qopt-report-phase=vec -module tmp_build_dir/o/2d.intel.sandybridge.MPI.EXE -Itmp_build_dir/o/2d.intel.sandybridge.MPI.EXE -implicitnone
#
#Link flags:    -L.
#Libraries:     -lmpichf90 -lifcore
#
#EOS: /global/homes/z/zingale/Microphysics/EOS/helmholtz
#VISCOSITY: ../../../Microphysics/viscosity/constant
#NETWORK: /global/homes/z/zingale/Microphysics/networks/aprox13
#CONDUCTIVITY: /global/homes/z/zingale/Microphysics/conductivity/stellar
#
#Castro       git describe: actual_flame_wave
#AMReX        git describe: 19.04.2
#Microphysics git describe: flame_wave
#
#
#==============================================================================
# Grid Information
#==============================================================================
# level: 0
#   number of boxes = 576
#   maximum zones   = 768 192
#
# level: 1
#   number of boxes = 1536
#   maximum zones   = 3072 768
#
# level: 2
#   number of boxes = 1344
#   maximum zones   = 6144 1536
#
# level: 3
#   number of boxes = 1372
#   maximum zones   = 12288 3072
#
# Boundary conditions
#   -x: symmetry
#   +x: outflow
#   -y: inflow
#   +y: inflow
#
#
# Domain geometry info
#     center: 0 , 15360 , 0
#
#     geometry.is_periodic: 0 0
#     geometry.coord_sys:   1
#     geometry.prob_lo:     0 0
#     geometry.prob_hi:     122880 30720
#     amr.n_cell:           768 192
#     amr.max_level:        3
#     amr.ref_ratio:        4 2 2
#
#
#==============================================================================
# Species Information
#==============================================================================
# index                         name              A              Z
#------------------------------------------------------------------------------
#     0                          he4              4              2
#     1                          c12             12              6
#     2                          o16             16              8
#     3                         ne20             20             10
#     4                         mg24             24             12
#     5                         si28             28             14
#     6                          s32             32             16
#     7                         ar36             36             18
#     8                         ca40             40             20
#     9                         ti44             44             22
#    10                         cr48             48             24
#    11                         fe52             52             26
#    12                         ni56             56             28
#
#
#==============================================================================
# Inputs File Parameters
#==============================================================================
#[*] castro.diffuse_temp = 1
#[*] castro.diffuse_cutoff_density = 50000
#    castro.diffuse_cutoff_density_hi = -1e+200
#[*] castro.diffuse_cond_scale_fac = 10
#[*] castro.rotational_period = 0.0005
#    castro.rotational_dPdt = 0
#[*] castro.rotation_include_centrifugal = 0
#    castro.rotation_include_coriolis = 1
#    castro.rotation_include_domegadt = 1
#    castro.state_in_rotating_frame = 1
#    castro.rot_source_type = 4
#    castro.implicit_rotation_update = 1
#[*] castro.rot_axis = 2
#    castro.state_interp_order = 1
#    castro.lin_limit_state_interp = 0
#    castro.state_nghost = 0
#    castro.do_reflux = 1
#    castro.update_sources_after_reflux = 1
#    castro.use_custom_knapsack_weights = 0
#    castro.difmag = 0.1
#[*] castro.small_dens = 1e-05
#[*] castro.small_temp = 1e+06
#    castro.small_pres = -1e+200
#    castro.small_ener = -1e+200
#[*] castro.do_hydro = 1
#    castro.time_integration_method = 0
#    castro.limit_fourth_order = 1
#    castro.use_reconstructed_gamma1 = 0
#    castro.add_ext_src = 0
#    castro.hybrid_hydro = 0
#    castro.ppm_type = 1
#    castro.ppm_temp_fix = 0
#    castro.ppm_predict_gammae = 0
#[*] castro.ppm_reference_eigenvectors = 1
#    castro.plm_iorder = 2
#    castro.hybrid_riemann = 0
#    castro.riemann_solver = 0
#    castro.cg_maxiter = 12
#    castro.cg_tol = 1e-05
#    castro.cg_blend = 2
#    castro.use_eos_in_riemann = 0
#    castro.use_flattening = 1
#    castro.transverse_use_eos = 0
#    castro.transverse_reset_density = 1
#    castro.transverse_reset_rhoe = 0
#    castro.dual_energy_eta1 = 1
#    castro.dual_energy_eta2 = 0.0001
#    castro.use_pslope = 1
#    castro.limit_fluxes_on_small_dens = 0
#    castro.density_reset_method = 1
#    castro.allow_small_energy = 1
#[*] castro.do_sponge = 1
#    castro.sponge_implicit = 1
#    castro.source_term_predictor = 0
#    castro.first_order_hydro = 0
#    castro.xl_ext_bc_type =
#    castro.xr_ext_bc_type =
#[*] castro.yl_ext_bc_type = hse
#[*] castro.yr_ext_bc_type = interp
#    castro.zl_ext_bc_type =
#    castro.zr_ext_bc_type =
#    castro.hse_zero_vels = 0
#[*] castro.hse_interp_temp = 1
#[*] castro.hse_reflect_vels = 1
#    castro.mol_order = 2
#    castro.sdc_order = 2
#    castro.sdc_solver = 1
#    castro.sdc_solver_tol = 1e-06
#    castro.sdc_solver_relax_factor = 1
#    castro.sdc_solve_for_rhoe = 1
#    castro.sdc_use_analytic_jac = 1
#    castro.fixed_dt = -1
#    castro.initial_dt = -1
#[*] castro.dt_cutoff = 5e-20
#    castro.max_dt = 1e+200
#    castro.cfl = 0.8
#[*] castro.init_shrink = 0.1
#    castro.change_max = 1.1
#    castro.plot_per_is_exact = 0
#    castro.small_plot_per_is_exact = 0
#[*] castro.use_retry = 1
#    castro.retry_tolerance = 0.02
#    castro.retry_neg_dens_factor = 0.1
#    castro.retry_subcycle_factor = 0.5
#    castro.use_post_step_regrid = 0
#[*] castro.max_subcycles = 16
#    castro.sdc_iters = 2
#    castro.dtnuc_e = 1e+200
#    castro.dtnuc_X = 1e+200
#    castro.dtnuc_X_threshold = 0.001
#[*] castro.do_react = 1
#[*] castro.react_T_min = 6e+07
#    castro.react_T_max = 1e+200
#[*] castro.react_rho_min = 100
#[*] castro.react_rho_max = 1.5e+07
#    castro.disable_shock_burning = 0
#    castro.T_guess = 1e+08
#[*] castro.do_grav = 1
#    castro.moving_center = 0
#[*] castro.grav_source_type = 2
#[*] castro.do_rotation = 1
#    castro.do_acc = -1
#    castro.bndry_func_thread_safe = 1
#    castro.grown_factor = 1
#    castro.star_at_center = -1
#    castro.do_scf_initial_model = 0
#    castro.scf_maximum_density = -1e+06
#    castro.scf_equatorial_radius = -1e+09
#    castro.scf_polar_radius = -1e+09
#    castro.scf_relax_tol = 0.001
#    castro.scf_max_iterations = 30
#    castro.do_special_tagging = 0
#    castro.spherical_star = 0
#[*] castro.verbose = 1
#    castro.dump_old = 0
#    castro.print_fortran_warnings = 0
#    castro.print_update_diagnostics = 0
#    castro.track_grid_losses = 0
#[*] castro.sum_interval = 1
#    castro.sum_per = -1
#    castro.show_center_of_mass = 0
#[*] castro.hard_cfl_limit = 0
#    castro.job_name =
#    castro.output_at_completion = 1
#    castro.reset_checkpoint_time = -1e+200
#    castro.reset_checkpoint_step = -1
#    castro.use_point_mass = 0
#    castro.point_mass = 0
#    castro.point_mass_fix_solution = 0
#[*] gravity.gravity_type = ConstantGrav
#[*] gravity.const_grav = -1.5e+14
#    gravity.direct_sum_bcs = 0
#    gravity.drdxfac = 1
#    gravity.lnum = 0
#    gravity.verbose = 0
#    gravity.no_sync = 0
#    gravity.no_composite = 0
#    gravity.do_composite_phi_correction = 1
#    gravity.max_solve_level = 29
#    gravity.get_g_from_phi = 0
#    gravity.mlmg_max_fmg_iter = 0
#    gravity.mlmg_agglomeration = 1
#    gravity.mlmg_consolidation = 1
#    gravity.mlmg_nsolve = 0
#    diffusion.verbose = 0
#    diffusion.mlmg_maxorder = 4
#                 eos_input_is_constant =  T
#                       use_eos_coulomb =  T
#                              eos_ttol =     0.1000000000E-07
#                              eos_dtol =     0.1000000000E-07
#                               small_x =     0.1000000000E-29
# [*]                        use_tables =  T
#                    use_c12ag_deboer17 =  F
#                       const_viscosity =     0.1000000000E-03
#                        scaling_method =          2
#                use_timestep_estimator =  F
#                       ode_scale_floor =     0.1000000000E-05
#                            ode_method =          1
#                         safety_factor =      1000000000.
#               do_constant_volume_burn =  F
#                       call_eos_in_rhs =  F
#                               dT_crit =     0.1000000000E+21
#                          burning_mode =          1
#                   burning_mode_factor =     0.1000000000
#                 integrate_temperature =  T
#                      integrate_energy =  T
#                              jacobian =          1
#                     centered_diff_jac =  F
#                        burner_verbose =  F
# [*]                         rtol_spec =     0.1000000000E-05
#                             rtol_temp =     0.1000000000E-05
#                             rtol_enuc =     0.1000000000E-05
# [*]                         atol_spec =     0.1000000000E-05
#                             atol_temp =     0.1000000000E-05
#                             atol_enuc =     0.1000000000E-05
#                            retry_burn =  F
#                     retry_burn_factor =      1.250000000
#                 retry_burn_max_change =      100.0000000
#                      abort_on_failure =  T
#                renormalize_abundances =  F
#                          SMALL_X_SAFE =     0.1000000000E-29
#                              MAX_TEMP =     0.1000000000E+12
# [*]                       react_boost =      10.00000000
#               reactions_density_scale =      1.000000000
#           reactions_temperature_scale =      1.000000000
#                reactions_energy_scale =      1.000000000
#                         ode_max_steps =     150000
#                  use_jacobian_caching =  T
