AMReX (20.03-159-g1e986786f5b0) initialized

Level  L0 norm of Error in Each Component
-----------------------------------------------
level: 0
                 density        4.334465e+03       1.456303   1.579591e+03
                    xmom        8.828724e+11       1.956219   2.275187e+11
                    ymom        8.828724e+11       1.956219   2.275187e+11
                    zmom        0.000000e+00   ------------   0.000000e+00
                   rho_E        4.206483e+20       2.522482   7.321103e+19
                   rho_e        3.810488e+20       2.459175   6.929394e+19
                    Temp        9.235829e+06       1.662356   2.917809e+06
                 rho_He4        5.256250e+03       1.507561   1.848651e+03
                 rho_C12        9.182079e+02       1.628580   2.969543e+02
                 rho_O16        3.576981e+00       1.010465   1.775564e+00
                rho_Fe56        4.334459e-07       1.456301   1.579590e-07
                rho_enuc        3.762652e+21       1.568563   1.268555e+21
                pressure        2.256440e+20       2.462326   4.094396e+19
                  kineng        6.477561e+19       2.185817   1.423689e+19
              soundspeed        1.343484e+06       1.682863   4.184466e+05
                 Gamma_1        1.451996e-03       1.605122   4.772824e-04
              MachNumber        6.618442e-03       2.376438   1.274608e-03
                 entropy        1.800284e+06       1.575441   6.040685e+05
                 magvort        1.630656e-01       0.694821   1.007396e-01
                    divu        9.415056e-01       2.203259   2.044447e-01
                  eint_E        9.473217e+14       1.642675   3.033912e+14
                  eint_e        9.473217e+14       1.642675   3.033912e+14
                  logden        4.487307e-03       1.451529   1.640711e-03
              StateErr_0        4.334465e+03       1.456303   1.579591e+03
              StateErr_1        9.235829e+06       1.662356   2.917809e+06
              StateErr_2        2.989810e-03       1.524177   1.039491e-03
                  X(He4)        2.989810e-03       1.524177   1.039491e-03
                  X(C12)        2.980676e-03       1.526199   1.034863e-03
                  X(O16)        9.133117e-06       0.980893   4.627441e-06
                 X(Fe56)        1.099272e-16       5.715712   2.091724e-18
                    abar        8.859346e-03       1.512404   3.105437e-03
              x_velocity        1.888469e+06       2.489593   3.362542e+05
              y_velocity        1.888469e+06       2.489593   3.362542e+05
              z_velocity        0.000000e+00   ------------   0.000000e+00
          t_sound_t_enuc        1.153209e-02       1.035059   5.627617e-03
                    enuc        8.827253e+15       1.544539   3.026028e+15
                  magvel        1.720912e+06       2.525179   2.989538e+05
                  radvel        1.730130e+06       2.533289   2.988704e+05
                 circvel        1.330703e+06       1.919678   3.517228e+05
                  magmom        8.461649e+11       2.029015   2.073293e+11
      angular_momentum_x        0.000000e+00   ------------   0.000000e+00
      angular_momentum_y        0.000000e+00   ------------   0.000000e+00
      angular_momentum_z        1.054263e+19       1.881821   2.860650e+18

Level  L1 norm of Error in Each Component
-----------------------------------------------
level: 0
                 density        2.783876e+18       2.047638   6.733635e+17
                    xmom        6.779154e+26       2.447429   1.242871e+26
                    ymom        6.779154e+26       2.447429   1.242871e+26
                    zmom        0.000000e+00   ------------   0.000000e+00
                   rho_E        2.449619e+35       2.352854   4.795335e+34
                   rho_e        2.256441e+35       2.320177   4.518365e+34
                    Temp        2.232080e+21       1.695162   6.893111e+20
                 rho_He4        2.865944e+18       2.023540   7.048900e+17
                 rho_C12        1.694517e+17       1.959464   4.357008e+16
                 rho_O16        1.681287e+14       1.662013   5.312834e+13
                rho_Fe56        2.783868e+08       2.047633   6.733634e+07
                rho_enuc        1.346738e+36       1.925796   3.544547e+35
                pressure        1.343802e+35       2.313113   2.704076e+34
                  kineng        3.849171e+34       2.432351   7.131099e+33
              soundspeed        4.185521e+20       1.882537   1.135140e+20
                 Gamma_1        3.083316e+11       1.862046   8.481766e+10
              MachNumber        4.251795e+12       2.434568   7.864922e+11
                 entropy        4.018093e+20       1.503070   1.417591e+20
                 magvort        1.384653e+14       1.692543   4.283855e+13
                    divu        4.695340e+14       1.867153   1.287058e+14
                  eint_E        2.389076e+29       1.860343   6.579775e+28
                  eint_e        2.389076e+29       1.860343   6.579775e+28
                  logden        2.129096e+12       2.018248   5.255840e+11
              StateErr_0        2.783876e+18       2.047638   6.733635e+17
              StateErr_1        2.232080e+21       1.695162   6.893111e+20
              StateErr_2        3.949605e+11       1.833446   1.108234e+11
                  X(He4)        3.949605e+11       1.833446   1.108234e+11
                  X(C12)        3.945525e+11       1.833660   1.106925e+11
                  X(O16)        4.156091e+08       1.644200   1.329632e+08
                 X(Fe56)        4.731578e-03       6.395261   5.621350e-05
                    abar        1.122688e+12       1.831976   3.153402e+11
              x_velocity        1.116872e+21       2.466313   2.021015e+20
              y_velocity        1.116872e+21       2.466313   2.021015e+20
              z_velocity        0.000000e+00   ------------   0.000000e+00
          t_sound_t_enuc        1.054427e+13       0.993443   5.296151e+12
                    enuc        2.514859e+30       1.782656   7.309386e+29
                  magvel        1.028881e+21       2.472880   1.853336e+20
                  radvel        1.028856e+21       2.472720   1.853495e+20
                 circvel        9.450863e+20       2.303175   1.914903e+20
                  magmom        6.624588e+26       2.459679   1.204264e+26
      angular_momentum_x        0.000000e+00   ------------   0.000000e+00
      angular_momentum_y        0.000000e+00   ------------   0.000000e+00
      angular_momentum_z        1.151047e+34       2.284741   2.362204e+33
[The  Pinned Arena] space allocated (MB): 8
[The  Pinned Arena] space used      (MB): 0
AMReX (20.03-159-g1e986786f5b0) finalized
