AMReX (20.03-159-g1e986786f5b0) initialized

Level  L0 norm of Error in Each Component
-----------------------------------------------
level: 0
                 density        1.622014e+03       1.623706   5.263446e+02
                    xmom        2.268744e+11       2.362779   4.410808e+10
                    ymom        2.268744e+11       2.362779   4.410808e+10
                    zmom        0.000000e+00   ------------   0.000000e+00
                   rho_E        7.218147e+19       2.425474   1.343647e+19
                   rho_e        6.849193e+19       2.492679   1.216938e+19
                    Temp        2.898906e+06       1.716754   8.819412e+05
                 rho_He4        1.858923e+03       1.614259   6.071850e+02
                 rho_C12        2.948781e+02       1.874909   8.039675e+01
                 rho_O16        1.761729e+00       1.773474   5.153121e-01
                rho_Fe56        1.622013e-07       1.623706   5.263446e-08
                rho_enuc        1.345997e+21       2.374249   2.596116e+20
                pressure        4.045626e+19       2.461485   7.345224e+18
                  kineng        1.434056e+19       1.931344   3.759876e+18
              soundspeed        4.159766e+05       1.734622   1.249958e+05
                 Gamma_1        4.740716e-04       1.722627   1.436421e-04
              MachNumber        1.281990e-03       1.831907   3.601021e-04
                 entropy        6.188857e+05       1.727027   1.869491e+05
                 magvort        1.020253e-01       1.049621   4.928792e-02
                    divu        2.033782e-01       1.211023   8.785171e-02
                  eint_E        3.015510e+14       1.737485   9.043275e+13
                  eint_e        3.015510e+14       1.737485   9.043275e+13
                  logden        1.623171e-03       1.552970   5.531893e-04
              StateErr_0        1.622014e+03       1.623706   5.263446e+02
              StateErr_1        2.898906e+06       1.716754   8.819412e+05
              StateErr_2        1.031123e-03       1.788238   2.985364e-04
                  X(He4)        1.031123e-03       1.788238   2.985364e-04
                  X(C12)        1.026533e-03       1.787445   2.973706e-04
                  X(O16)        4.590806e-06       1.764582   1.351129e-06
                 X(Fe56)        2.011318e-18       9.477867   2.820712e-21
                    abar        3.080473e-03       1.791674   8.897534e-04
              x_velocity        3.356916e+05       2.128599   7.676588e+04
              y_velocity        3.356916e+05       2.128599   7.676588e+04
              z_velocity        0.000000e+00   ------------   0.000000e+00
          t_sound_t_enuc        5.597517e-03       1.005925   2.787288e-03
                    enuc        2.774643e+15       2.219295   5.958445e+14
                  magvel        3.007441e+05       1.663115   9.496197e+04
                  radvel        3.006604e+05       1.662856   9.495255e+04
                 circvel        3.538921e+05       3.148272   3.991596e+04
                  magmom        2.082077e+11       2.198819   4.535094e+10
      angular_momentum_x        0.000000e+00   ------------   0.000000e+00
      angular_momentum_y        0.000000e+00   ------------   0.000000e+00
      angular_momentum_z        2.878882e+18       2.889853   3.884110e+17

Level  L1 norm of Error in Each Component
-----------------------------------------------
level: 0
                 density        6.777266e+17       2.553758   1.154242e+17
                    xmom        1.245025e+26       2.889180   1.680538e+25
                    ymom        1.245025e+26       2.889180   1.680538e+25
                    zmom        0.000000e+00   ------------   0.000000e+00
                   rho_E        4.802854e+34       2.742062   7.178877e+33
                   rho_e        4.526276e+34       2.821404   6.403447e+33
                    Temp        6.926608e+20       2.481873   1.239945e+20
                 rho_He4        7.095873e+17       2.528940   1.229473e+17
                 rho_C12        4.392618e+16       2.231645   9.352580e+15
                 rho_O16        5.337997e+13       1.956718   1.375142e+13
                rho_Fe56        6.777266e+07       2.553758   1.154242e+07
                rho_enuc        3.651966e+35       2.614071   5.965034e+34
                pressure        2.710592e+34       2.805298   3.877800e+33
                  kineng        7.122907e+33       2.580493   1.190835e+33
              soundspeed        1.138534e+20       2.527627   1.974487e+19
                 Gamma_1        8.511784e+10       2.436061   1.572872e+10
              MachNumber        7.861129e+11       2.675563   1.230439e+11
                 entropy        1.427674e+20       2.433426   2.642985e+19
                 magvort        4.293320e+13       1.453702   1.567419e+13
                    divu        1.288484e+14       1.865927   3.534915e+13
                  eint_E        6.601474e+28       2.493931   1.171906e+28
                  eint_e        6.601474e+28       2.493931   1.171906e+28
                  logden        5.291743e+11       2.507487   9.306147e+10
              StateErr_0        6.777266e+17       2.553758   1.154242e+17
              StateErr_1        6.926608e+20       2.481873   1.239945e+20
              StateErr_2        1.118489e+11       2.168493   2.487999e+10
                  X(He4)        1.118489e+11       2.168493   2.487999e+10
                  X(C12)        1.117178e+11       2.168750   2.484640e+10
                  X(O16)        1.333778e+08       1.950977   3.449695e+07
                 X(Fe56)        5.455680e-05       9.882758   5.778861e-08
                    abar        3.182092e+11       2.163041   7.105138e+10
              x_velocity        2.024021e+20       2.885922   2.738204e+19
              y_velocity        2.024021e+20       2.885922   2.738204e+19
              z_velocity        0.000000e+00   ------------   0.000000e+00
          t_sound_t_enuc        5.288111e+12       0.998035   2.647660e+12
                    enuc        7.459867e+29       2.522449   1.298370e+29
                  magvel        1.849999e+20       2.599877   3.051620e+19
                  radvel        1.850156e+20       2.599706   3.052241e+19
                 circvel        1.920671e+20       3.100173   2.239793e+19
                  magmom        1.202880e+26       2.615503   1.962807e+25
      angular_momentum_x        0.000000e+00   ------------   0.000000e+00
      angular_momentum_y        0.000000e+00   ------------   0.000000e+00
      angular_momentum_z        2.367077e+33       3.033339   2.891255e+32
[The  Pinned Arena] space allocated (MB): 8
[The  Pinned Arena] space used      (MB): 0
AMReX (20.03-159-g1e986786f5b0) finalized
