AMReX (20.03-159-g1e986786f5b0) initialized

Level  L0 norm of Error in Each Component
-----------------------------------------------
level: 0
                 density        1.579591e+03       1.612042   5.167393e+02
                    xmom        2.275187e+11       2.327110   4.534060e+10
                    ymom        2.275187e+11       2.327110   4.534060e+10
                    zmom        0.000000e+00   ------------   0.000000e+00
                   rho_E        7.321103e+19       2.443316   1.346062e+19
                   rho_e        6.929394e+19       2.507178   1.218876e+19
                    Temp        2.917809e+06       1.751465   8.665896e+05
                 rho_He4        1.848651e+03       1.633402   5.958706e+02
                 rho_C12        2.969543e+02       1.890145   8.011231e+01
                 rho_O16        1.775564e+00       1.772496   5.197109e-01
                rho_Fe56        1.579590e-07       1.612042   5.167393e-08
                rho_enuc        1.268555e+21       2.048044   3.067515e+20
                pressure        4.094396e+19       2.476528   7.356662e+18
                  kineng        1.423689e+19       1.888634   3.844851e+18
              soundspeed        4.184466e+05       1.768085   1.228552e+05
                 Gamma_1        4.772824e-04       1.757971   1.411151e-04
              MachNumber        1.274608e-03       1.823488   3.601239e-04
                 entropy        6.040685e+05       1.716755   1.837771e+05
                 magvort        1.007396e-01       1.034594   4.917638e-02
                    divu        2.044447e-01       1.217563   8.791300e-02
                  eint_E        3.033912e+14       1.771355   8.887341e+13
                  eint_e        3.033912e+14       1.771355   8.887341e+13
                  logden        1.640711e-03       1.595087   5.430789e-04
              StateErr_0        1.579591e+03       1.612042   5.167393e+02
              StateErr_1        2.917809e+06       1.751465   8.665896e+05
              StateErr_2        1.039491e-03       1.829342   2.925053e-04
                  X(He4)        1.039491e-03       1.829342   2.925053e-04
                  X(C12)        1.034863e-03       1.828533   2.913666e-04
                  X(O16)        4.627441e-06       1.763553   1.362883e-06
                 X(Fe56)        2.091724e-18       9.466392   2.956899e-21
                    abar        3.105437e-03       1.832780   8.717679e-04
              x_velocity        3.362542e+05       2.104120   7.821040e+04
              y_velocity        3.362542e+05       2.104120   7.821040e+04
              z_velocity        0.000000e+00   ------------   0.000000e+00
          t_sound_t_enuc        5.627617e-03       1.009608   2.795131e-03
                    enuc        3.026028e+15       2.026657   7.426572e+14
                  magvel        2.989538e+05       1.654327   9.497341e+04
                  radvel        2.988704e+05       1.654067   9.496399e+04
                 circvel        3.517228e+05       3.149266   3.964395e+04
                  magmom        2.073293e+11       2.154004   4.658443e+10
      angular_momentum_x        0.000000e+00   ------------   0.000000e+00
      angular_momentum_y        0.000000e+00   ------------   0.000000e+00
      angular_momentum_z        2.860650e+18       2.880722   3.884015e+17

Level  L1 norm of Error in Each Component
-----------------------------------------------
level: 0
                 density        6.733635e+17       2.558362   1.143157e+17
                    xmom        1.242871e+26       2.894781   1.671129e+25
                    ymom        1.242871e+26       2.894781   1.671129e+25
                    zmom        0.000000e+00   ------------   0.000000e+00
                   rho_E        4.795335e+34       2.736896   7.193350e+33
                   rho_e        4.518365e+34       2.816560   6.413752e+33
                    Temp        6.893111e+20       2.483560   1.232506e+20
                 rho_He4        7.048900e+17       2.534280   1.216822e+17
                 rho_C12        4.357008e+16       2.235768   9.250283e+15
                 rho_O16        5.312834e+13       1.962707   1.362989e+13
                rho_Fe56        6.733634e+07       2.558361   1.143157e+07
                rho_enuc        3.544547e+35       2.433003   6.563777e+34
                pressure        2.704076e+34       2.801034   3.879927e+33
                  kineng        7.131099e+33       2.591095   1.183475e+33
              soundspeed        1.135140e+20       2.528449   1.967481e+19
                 Gamma_1        8.481766e+10       2.438412   1.564772e+10
              MachNumber        7.864922e+11       2.681460   1.226011e+11
                 entropy        1.417591e+20       2.437100   2.617646e+19
                 magvort        4.283855e+13       1.452749   1.564998e+13
                    divu        1.287058e+14       1.865739   3.531462e+13
                  eint_E        6.579775e+28       2.495332   1.166921e+28
                  eint_e        6.579775e+28       2.495332   1.166921e+28
                  logden        5.255840e+11       2.512229   9.212679e+10
              StateErr_0        6.733635e+17       2.558362   1.143157e+17
              StateErr_1        6.893111e+20       2.483560   1.232506e+20
              StateErr_2        1.108234e+11       2.172630   2.458129e+10
                  X(He4)        1.108234e+11       2.172630   2.458129e+10
                  X(C12)        1.106925e+11       2.172884   2.454793e+10
                  X(O16)        1.329632e+08       1.958706   3.420601e+07
                 X(Fe56)        5.621350e-05       9.883132   5.952802e-08
                    abar        3.153402e+11       2.167292   7.020364e+10
              x_velocity        2.021015e+20       2.889648   2.727085e+19
              y_velocity        2.021015e+20       2.889648   2.727085e+19
              z_velocity        0.000000e+00   ------------   0.000000e+00
          t_sound_t_enuc        5.296151e+12       0.999109   2.649711e+12
                    enuc        7.309386e+29       2.376455   1.407657e+29
                  magvel        1.853336e+20       2.604854   3.046596e+19
                  radvel        1.853495e+20       2.604681   3.047223e+19
                 circvel        1.914903e+20       3.100448   2.232641e+19
                  magmom        1.204264e+26       2.626835   1.949690e+25
      angular_momentum_x        0.000000e+00   ------------   0.000000e+00
      angular_momentum_y        0.000000e+00   ------------   0.000000e+00
      angular_momentum_z        2.362204e+33       3.033417   2.885146e+32
[The  Pinned Arena] space allocated (MB): 8
[The  Pinned Arena] space used      (MB): 0
AMReX (20.03-159-g1e986786f5b0) finalized
