AMReX (20.03-159-g1e986786f5b0) initialized

Level  L0 norm of Error in Each Component
-----------------------------------------------
level: 0
Warning: BoxArray lengths are not the same at level 0
                 density        4.293621e+03       1.404409   1.622014e+03
                    xmom        8.755091e+11       1.948228   2.268744e+11
                    ymom        8.755091e+11       1.948228   2.268744e+11
                    zmom        0.000000e+00   ------------   0.000000e+00
                   rho_E        4.160493e+20       2.527054   7.218147e+19
                   rho_e        3.769436e+20       2.460343   6.849193e+19
                    Temp        9.209683e+06       1.667643   2.898906e+06
                 rho_He4        5.212934e+03       1.487629   1.858923e+03
                 rho_C12        9.157571e+02       1.634847   2.948781e+02
                 rho_O16        3.555405e+00       1.013022   1.761729e+00
                rho_Fe56        4.293615e-07       1.404407   1.622013e-07
                rho_enuc        3.874965e+21       1.525508   1.345997e+21
                pressure        2.231649e+20       2.463675   4.045626e+19
                  kineng        6.381965e+19       2.153900   1.434056e+19
              soundspeed        1.340701e+06       1.688413   4.159766e+05
                 Gamma_1        1.447624e-03       1.610510   4.740716e-04
              MachNumber        6.602708e-03       2.364673   1.281990e-03
                 entropy        1.791911e+06       1.533754   6.188857e+05
                 magvort        1.650487e-01       0.693965   1.020253e-01
                    divu        9.406447e-01       2.209485   2.033782e-01
                  eint_E        9.452105e+14       1.648234   3.015510e+14
                  eint_e        9.452105e+14       1.648234   3.015510e+14
                  logden        4.445594e-03       1.453561   1.623171e-03
              StateErr_0        4.293621e+03       1.404409   1.622014e+03
              StateErr_1        9.209683e+06       1.667643   2.898906e+06
              StateErr_2        2.977002e-03       1.529643   1.031123e-03
                  X(He4)        2.977002e-03       1.529643   1.031123e-03
                  X(C12)        2.967924e-03       1.531675   1.026533e-03
                  X(O16)        9.078004e-06       0.983628   4.590806e-06
                 X(Fe56)        1.209411e-16       5.910019   2.011318e-18
                    abar        8.821626e-03       1.517893   3.080473e-03
              x_velocity        1.886847e+06       2.490769   3.356916e+05
              y_velocity        1.886847e+06       2.490769   3.356916e+05
              z_velocity        0.000000e+00   ------------   0.000000e+00
          t_sound_t_enuc        1.141574e-02       1.028166   5.597517e-03
                    enuc        7.998770e+15       1.527476   2.774643e+15
                  magvel        1.717621e+06       2.513804   3.007441e+05
                  radvel        1.726950e+06       2.522020   3.006604e+05
                 circvel        1.334828e+06       1.915272   3.538921e+05
                  magmom        8.327688e+11       1.999893   2.082077e+11
      angular_momentum_x        0.000000e+00   ------------   0.000000e+00
      angular_momentum_y        0.000000e+00   ------------   0.000000e+00
      angular_momentum_z        1.058609e+19       1.878589   2.878882e+18

Level  L1 norm of Error in Each Component
-----------------------------------------------
level: 0
Warning: BoxArray lengths are not the same at level 0
                 density        2.794163e+18       2.043641   6.777266e+17
                    xmom        6.795828e+26       2.448475   1.245025e+26
                    ymom        6.795828e+26       2.448475   1.245025e+26
                    zmom        0.000000e+00   ------------   0.000000e+00
                   rho_E        2.450825e+35       2.351303   4.802854e+34
                   rho_e        2.260573e+35       2.320292   4.526276e+34
                    Temp        2.237043e+21       1.691372   6.926608e+20
                 rho_He4        2.878085e+18       2.020057   7.095873e+17
                 rho_C12        1.697694e+17       1.950424   4.392618e+16
                 rho_O16        1.687142e+14       1.660211   5.337997e+13
                rho_Fe56        2.794154e+08       2.043636   6.777266e+07
                rho_enuc        1.381521e+36       1.919513   3.651966e+35
                pressure        1.346969e+35       2.313036   2.710592e+34
                  kineng        3.856473e+34       2.436744   7.122907e+33
              soundspeed        4.192543e+20       1.880649   1.138534e+20
                 Gamma_1        3.090351e+11       1.860237   8.511784e+10
              MachNumber        4.262716e+12       2.438965   7.861129e+11
                 entropy        4.035467e+20       1.499069   1.427674e+20
                 magvort        1.391949e+14       1.696941   4.293320e+13
                    divu        4.710357e+14       1.870162   1.288484e+14
                  eint_E        2.393640e+29       1.858346   6.601474e+28
                  eint_e        2.393640e+29       1.858346   6.601474e+28
                  logden        2.136891e+12       2.013698   5.291743e+11
              StateErr_0        2.794163e+18       2.043641   6.777266e+17
              StateErr_1        2.237043e+21       1.691372   6.926608e+20
              StateErr_2        3.967258e+11       1.826591   1.118489e+11
                  X(He4)        3.967258e+11       1.826591   1.118489e+11
                  X(C12)        3.963170e+11       1.826796   1.117178e+11
                  X(O16)        4.168785e+08       1.644109   1.333778e+08
                 X(Fe56)        5.273455e-03       6.594846   5.455680e-05
                    abar        1.127671e+12       1.825299   3.182092e+11
              x_velocity        1.119729e+21       2.467854   2.024021e+20
              y_velocity        1.119729e+21       2.467854   2.024021e+20
              z_velocity        0.000000e+00   ------------   0.000000e+00
          t_sound_t_enuc        1.051379e+13       0.991459   5.288111e+12
                    enuc        2.601379e+30       1.802055   7.459867e+29
                  magvel        1.031292e+21       2.478856   1.849999e+20
                  radvel        1.031282e+21       2.478721   1.850156e+20
                 circvel        9.474317e+20       2.302412   1.920671e+20
                  magmom        6.641689e+26       2.465057   1.202880e+26
      angular_momentum_x        0.000000e+00   ------------   0.000000e+00
      angular_momentum_y        0.000000e+00   ------------   0.000000e+00
      angular_momentum_z        1.152983e+34       2.284193   2.367077e+33
[The  Pinned Arena] space allocated (MB): 8
[The  Pinned Arena] space used      (MB): 0
AMReX (20.03-159-g1e986786f5b0) finalized
